2020-04-23   21:37:13   DEBUG   - SAT :-1

2020-04-23   21:37:13   DEBUG   - INTERSECTION (A or B)
 and (A2 or B2)
 and ((not (B)) or (R only (S only A)))
 and (R some (S some (not (A))))

2020-04-23   21:37:13   DEBUG   - UNION A or B

2020-04-23   21:37:13   DEBUG   - CHOICE A

2020-04-23   21:37:13   DEBUG   - UNION A2 or B2

2020-04-23   21:37:13   DEBUG   - CHOICE A2

2020-04-23   21:37:13   DEBUG   - UNION (not (B)) or (R only (S only A))

2020-04-23   21:37:13   DEBUG   - CHOICE not (B)

2020-04-23   21:37:13   DEBUG   - SOME: 4 R some (S some (not (A)))

2020-04-23   21:37:13   DEBUG   - SAT :4

2020-04-23   21:37:13   DEBUG   - SOME: 0 S some (not (A))

2020-04-23   21:37:13   DEBUG   - SAT :0

2020-04-23   21:37:13   DEBUG   - CLASS :not (A)

2020-04-23   21:37:13   DEBUG   - SAT :0true

2020-04-23   21:37:13   DEBUG   - SAT :4true

2020-04-23   21:37:13   DEBUG   - CLASS :A

2020-04-23   21:37:13   DEBUG   - CLASS :A2

2020-04-23   21:37:13   DEBUG   - CLASS :not (B)

2020-04-23   21:37:13   DEBUG   - SAT :-1true

2020-04-23   21:37:13   INFO    - Modello trovato:  A | A2 | not (B) | EXIST R. { EXIST S. { not (A) | } } |

2020-04-23   21:37:13   INFO    - The concept is true

