2020-04-23   21:37:37   DEBUG   - SAT :-1

2020-04-23   21:37:37   DEBUG   - INTERSECTION (A or B)
 and ((not (B)) or (R only (S only A)))
 and ((R only A) or (R only (not (A))))
 and (R some (not (A)))

2020-04-23   21:37:37   DEBUG   - UNION A or B

2020-04-23   21:37:37   DEBUG   - CHOICE A

2020-04-23   21:37:37   DEBUG   - UNION (not (B)) or (R only (S only A))

2020-04-23   21:37:37   DEBUG   - CHOICE not (B)

2020-04-23   21:37:37   DEBUG   - UNION (R only A) or (R only (not (A)))

2020-04-23   21:37:37   DEBUG   - CHOICE R only A

2020-04-23   21:37:37   DEBUG   - CLASH R some (not (A)) R only A

2020-04-23   21:37:37   DEBUG   - BACKTRACK :3

2020-04-23   21:37:37   DEBUG   - UNION (R only A) or (R only (not (A)))

2020-04-23   21:37:37   DEBUG   - CHOICE R only (not (A))

2020-04-23   21:37:37   DEBUG   - SOME: 4 R some (not (A))

2020-04-23   21:37:37   DEBUG   - SAT :4

2020-04-23   21:37:37   DEBUG   - CLASS :not (A)

2020-04-23   21:37:37   DEBUG   - SAT :4true

2020-04-23   21:37:37   DEBUG   - CLASS :A

2020-04-23   21:37:37   DEBUG   - CLASS :not (B)

2020-04-23   21:37:37   DEBUG   - ALL 7 R only (not (A))

2020-04-23   21:37:37   DEBUG   - SAT :-1true

2020-04-23   21:37:37   INFO    - Modello trovato:  A | not (B) | EXIST R. { not (A) | } |

2020-04-23   21:37:37   INFO    - The concept is true

