2020-04-23   21:38:19   DEBUG   - SAT :-1

2020-04-23   21:38:19   DEBUG   - INTERSECTION (B or (S some (R only A)))
 and (D or (S some C))
 and ((not (B)) or (not (D)))
 and ((S only (not (C))) or (S only (R some (not (A)))))

2020-04-23   21:38:19   DEBUG   - UNION B or (S some (R only A))

2020-04-23   21:38:19   DEBUG   - CHOICE B

2020-04-23   21:38:19   DEBUG   - UNION D or (S some C)

2020-04-23   21:38:19   DEBUG   - CHOICE D

2020-04-23   21:38:19   DEBUG   - UNION (not (B)) or (not (D))

2020-04-23   21:38:19   DEBUG   - CHOICE not (B)

2020-04-23   21:38:19   DEBUG   - CLASH B not (B)

2020-04-23   21:38:19   DEBUG   - BACKTRACK :3

2020-04-23   21:38:19   DEBUG   - UNION (not (B)) or (not (D))

2020-04-23   21:38:19   DEBUG   - CHOICE not (D)

2020-04-23   21:38:19   DEBUG   - CLASH D not (D)

2020-04-23   21:38:19   DEBUG   - BACKTRACK :3

2020-04-23   21:38:19   DEBUG   - UNION (not (B)) or (not (D))

2020-04-23   21:38:19   DEBUG   - BACKTRACK :0

2020-04-23   21:38:19   DEBUG   - INTERSECTION (B or (S some (R only A)))
 and (D or (S some C))
 and ((not (B)) or (not (D)))
 and ((S only (not (C))) or (S only (R some (not (A)))))

2020-04-23   21:38:19   DEBUG   - UNION B or (S some (R only A))

2020-04-23   21:38:19   DEBUG   - CHOICE S some (R only A)

2020-04-23   21:38:19   DEBUG   - UNION D or (S some C)

2020-04-23   21:38:19   DEBUG   - CHOICE S some C

2020-04-23   21:38:19   DEBUG   - UNION (not (B)) or (not (D))

2020-04-23   21:38:19   DEBUG   - CHOICE not (B)

2020-04-23   21:38:19   DEBUG   - UNION (S only (not (C))) or (S only (R some (not (A))))

2020-04-23   21:38:19   DEBUG   - CHOICE S only (not (C))

2020-04-23   21:38:19   DEBUG   - CLASH S some C S only (not (C))

2020-04-23   21:38:19   DEBUG   - BACKTRACK :4

2020-04-23   21:38:19   DEBUG   - UNION (S only (not (C))) or (S only (R some (not (A))))

2020-04-23   21:38:19   DEBUG   - CHOICE S only (R some (not (A)))

2020-04-23   21:38:19   DEBUG   - CLASH S some (R only A) S only (R some (not (A)))

2020-04-23   21:38:19   DEBUG   - BACKTRACK :4

2020-04-23   21:38:19   DEBUG   - UNION (S only (not (C))) or (S only (R some (not (A))))

2020-04-23   21:38:19   DEBUG   - BACKTRACK :0

2020-04-23   21:38:19   DEBUG   - INTERSECTION (B or (S some (R only A)))
 and (D or (S some C))
 and ((not (B)) or (not (D)))
 and ((S only (not (C))) or (S only (R some (not (A)))))

2020-04-23   21:38:19   DEBUG   - UNION B or (S some (R only A))

2020-04-23   21:38:19   DEBUG   - BACKTRACK :0

2020-04-23   21:38:19   DEBUG   - INTERSECTION (B or (S some (R only A)))
 and (D or (S some C))
 and ((not (B)) or (not (D)))
 and ((S only (not (C))) or (S only (R some (not (A)))))

2020-04-23   21:38:19   DEBUG   - UNION B or (S some (R only A))

2020-04-23   21:38:19   DEBUG   - CHOICE B

2020-04-23   21:38:19   DEBUG   - UNION D or (S some C)

2020-04-23   21:38:19   DEBUG   - BACKTRACK :0

2020-04-23   21:38:19   DEBUG   - INTERSECTION (B or (S some (R only A)))
 and (D or (S some C))
 and ((not (B)) or (not (D)))
 and ((S only (not (C))) or (S only (R some (not (A)))))

2020-04-23   21:38:19   DEBUG   - UNION B or (S some (R only A))

2020-04-23   21:38:19   DEBUG   - CHOICE S some (R only A)

2020-04-23   21:38:19   DEBUG   - UNION D or (S some C)

2020-04-23   21:38:19   DEBUG   - CHOICE D

2020-04-23   21:38:19   DEBUG   - UNION (not (B)) or (not (D))

2020-04-23   21:38:19   DEBUG   - CHOICE not (D)

2020-04-23   21:38:19   DEBUG   - CLASH D not (D)

2020-04-23   21:38:19   DEBUG   - BACKTRACK :3

2020-04-23   21:38:19   DEBUG   - UNION (not (B)) or (not (D))

2020-04-23   21:38:19   DEBUG   - BACKTRACK :0

2020-04-23   21:38:19   DEBUG   - INTERSECTION (B or (S some (R only A)))
 and (D or (S some C))
 and ((not (B)) or (not (D)))
 and ((S only (not (C))) or (S only (R some (not (A)))))

2020-04-23   21:38:19   DEBUG   - UNION B or (S some (R only A))

2020-04-23   21:38:19   DEBUG   - BACKTRACK :0

2020-04-23   21:38:19   DEBUG   - INTERSECTION (B or (S some (R only A)))
 and (D or (S some C))
 and ((not (B)) or (not (D)))
 and ((S only (not (C))) or (S only (R some (not (A)))))

2020-04-23   21:38:19   DEBUG   - UNION B or (S some (R only A))

2020-04-23   21:38:19   DEBUG   - CHOICE B

2020-04-23   21:38:19   DEBUG   - UNION D or (S some C)

2020-04-23   21:38:19   DEBUG   - CHOICE S some C

2020-04-23   21:38:19   DEBUG   - UNION (not (B)) or (not (D))

2020-04-23   21:38:19   DEBUG   - CHOICE not (B)

2020-04-23   21:38:19   DEBUG   - CLASH B not (B)

2020-04-23   21:38:19   DEBUG   - BACKTRACK :3

2020-04-23   21:38:19   DEBUG   - UNION (not (B)) or (not (D))

2020-04-23   21:38:19   DEBUG   - CHOICE not (D)

2020-04-23   21:38:19   DEBUG   - UNION (S only (not (C))) or (S only (R some (not (A))))

2020-04-23   21:38:19   DEBUG   - CHOICE S only (not (C))

2020-04-23   21:38:19   DEBUG   - CLASH S some C S only (not (C))

2020-04-23   21:38:19   DEBUG   - BACKTRACK :4

2020-04-23   21:38:19   DEBUG   - UNION (S only (not (C))) or (S only (R some (not (A))))

2020-04-23   21:38:19   DEBUG   - CHOICE S only (R some (not (A)))

2020-04-23   21:38:19   DEBUG   - CLASS :B

2020-04-23   21:38:19   DEBUG   - SOME: 6 S some C

2020-04-23   21:38:19   DEBUG   - SAT :6

2020-04-23   21:38:19   DEBUG   - CLASS :C

2020-04-23   21:38:19   DEBUG   - SAT :6true

2020-04-23   21:38:19   DEBUG   - CLASS :not (D)

2020-04-23   21:38:19   DEBUG   - ALL 8 S only (R some (not (A)))

2020-04-23   21:38:19   DEBUG   - SAT :8

2020-04-23   21:38:19   DEBUG   - INTERSECTION C
 and (R some (not (A)))

2020-04-23   21:38:20   DEBUG   - CLASS :C

2020-04-23   21:38:20   DEBUG   - SOME: 2 R some (not (A))

2020-04-23   21:38:20   DEBUG   - SAT :2

2020-04-23   21:38:20   DEBUG   - CLASS :not (A)

2020-04-23   21:38:20   DEBUG   - SAT :2true

2020-04-23   21:38:20   DEBUG   - SAT :8true

2020-04-23   21:38:20   DEBUG   - SAT :-1true

2020-04-23   21:38:20   INFO    - Modello trovato:  B | not (D) | EXIST S. { C | } C | EXIST R. { not (A) | } } |

2020-04-23   21:38:20   INFO    - The concept is true

