2020-04-23   21:38:40   DEBUG   - SAT :-1

2020-04-23   21:38:40   DEBUG   - INTERSECTION (A or B)
 and ((not (A)) or (S only (R some A)))
 and ((not (B)) or (R some A))
 and ((S some B) or (S some (R only (not (A)))))

2020-04-23   21:38:40   DEBUG   - UNION A or B

2020-04-23   21:38:40   DEBUG   - CHOICE A

2020-04-23   21:38:40   DEBUG   - UNION (not (A)) or (S only (R some A))

2020-04-23   21:38:40   DEBUG   - CHOICE not (A)

2020-04-23   21:38:40   DEBUG   - CLASH A not (A)

2020-04-23   21:38:40   DEBUG   - BACKTRACK :2

2020-04-23   21:38:40   DEBUG   - UNION (not (A)) or (S only (R some A))

2020-04-23   21:38:40   DEBUG   - CHOICE S only (R some A)

2020-04-23   21:38:40   DEBUG   - UNION (not (B)) or (R some A)

2020-04-23   21:38:40   DEBUG   - CHOICE not (B)

2020-04-23   21:38:40   DEBUG   - UNION (S some B) or (S some (R only (not (A))))

2020-04-23   21:38:40   DEBUG   - CHOICE S some B

2020-04-23   21:38:40   DEBUG   - CLASS :A

2020-04-23   21:38:40   DEBUG   - ALL 6 S only (R some A)

2020-04-23   21:38:40   DEBUG   - ALL NO CONDIZIONI

2020-04-23   21:38:41   DEBUG   - CLASS :not (B)

2020-04-23   21:38:41   DEBUG   - SOME: 8 S some B

2020-04-23   21:38:41   DEBUG   - SAT :8

2020-04-23   21:38:41   DEBUG   - CLASS :B

2020-04-23   21:38:41   DEBUG   - SAT :8true

2020-04-23   21:38:41   DEBUG   - SAT :-1true

2020-04-23   21:38:41   INFO    - Modello trovato:  A | not (B) | EXIST S. { B | } |

2020-04-23   21:38:41   INFO    - The concept is true

