2020-04-23   21:40:30   DEBUG   - SAT :-1

2020-04-23   21:40:30   DEBUG   - INTERSECTION (B or (S some (R only A)))
 and (D or (S some C))
 and ((not (B)) or (not (D)))
 and ((S only (not (C))) or (S only (R some (R only (S only (S some 
    ((B or D)
     and (not (C)))))))))

2020-04-23   21:40:30   DEBUG   - UNION B or (S some (R only A))

2020-04-23   21:40:30   DEBUG   - CHOICE B

2020-04-23   21:40:30   DEBUG   - UNION D or (S some C)

2020-04-23   21:40:30   DEBUG   - CHOICE D

2020-04-23   21:40:30   DEBUG   - UNION (not (B)) or (not (D))

2020-04-23   21:40:30   DEBUG   - CHOICE not (B)

2020-04-23   21:40:30   DEBUG   - CLASH B not (B)

2020-04-23   21:40:30   DEBUG   - BACKTRACK :3

2020-04-23   21:40:30   DEBUG   - UNION (not (B)) or (not (D))

2020-04-23   21:40:30   DEBUG   - CHOICE not (D)

2020-04-23   21:40:30   DEBUG   - CLASH D not (D)

2020-04-23   21:40:30   DEBUG   - BACKTRACK :3

2020-04-23   21:40:30   DEBUG   - UNION (not (B)) or (not (D))

2020-04-23   21:40:30   DEBUG   - BACKTRACK :0

2020-04-23   21:40:30   DEBUG   - INTERSECTION (B or (S some (R only A)))
 and (D or (S some C))
 and ((not (B)) or (not (D)))
 and ((S only (not (C))) or (S only (R some (R only (S only (S some 
    ((B or D)
     and (not (C)))))))))

2020-04-23   21:40:30   DEBUG   - UNION B or (S some (R only A))

2020-04-23   21:40:30   DEBUG   - CHOICE S some (R only A)

2020-04-23   21:40:30   DEBUG   - UNION D or (S some C)

2020-04-23   21:40:30   DEBUG   - CHOICE S some C

2020-04-23   21:40:30   DEBUG   - UNION (not (B)) or (not (D))

2020-04-23   21:40:30   DEBUG   - CHOICE not (B)

2020-04-23   21:40:30   DEBUG   - UNION (S only (not (C))) or (S only (R some (R only (S only (S some 
    ((B or D)
     and (not (C))))))))

2020-04-23   21:40:30   DEBUG   - CHOICE S only (not (C))

2020-04-23   21:40:30   DEBUG   - CLASH S some C S only (not (C))

2020-04-23   21:40:30   DEBUG   - BACKTRACK :4

2020-04-23   21:40:30   DEBUG   - UNION (S only (not (C))) or (S only (R some (R only (S only (S some 
    ((B or D)
     and (not (C))))))))

2020-04-23   21:40:30   DEBUG   - CHOICE S only (R some (R only (S only (S some 
    ((B or D)
     and (not (C)))))))

2020-04-23   21:40:30   DEBUG   - SOME: 5 S some (R only A)

2020-04-23   21:40:30   DEBUG   - SAT :5

2020-04-23   21:40:30   DEBUG   - ALL 0 R only A

2020-04-23   21:40:30   DEBUG   - ALL NO CONDIZIONI

2020-04-23   21:40:30   DEBUG   - SAT :5true

2020-04-23   21:40:30   DEBUG   - SOME: 6 S some C

2020-04-23   21:40:30   DEBUG   - SAT :6

2020-04-23   21:40:30   DEBUG   - CLASS :C

2020-04-23   21:40:30   DEBUG   - SAT :6true

2020-04-23   21:40:30   DEBUG   - CLASS :not (B)

2020-04-23   21:40:30   DEBUG   - ALL 8 S only (R some (R only (S only (S some 
    ((B or D)
     and (not (C)))))))

2020-04-23   21:40:30   DEBUG   - SAT :8

2020-04-23   21:40:30   DEBUG   - INTERSECTION (R some (R only (S only (S some 
    ((B or D)
     and (not (C)))))))
 and (R only A)

2020-04-23   21:40:30   DEBUG   - SOME: 1 R some (R only (S only (S some 
    ((B or D)
     and (not (C))))))

2020-04-23   21:40:30   DEBUG   - SAT :1

2020-04-23   21:40:30   DEBUG   - ALL 0 R only (S only (S some 
    ((B or D)
     and (not (C)))))

2020-04-23   21:40:30   DEBUG   - ALL NO CONDIZIONI

2020-04-23   21:40:30   DEBUG   - SAT :1true

2020-04-23   21:40:30   DEBUG   - ALL 2 R only A

2020-04-23   21:40:30   DEBUG   - SAT :2

2020-04-23   21:40:30   DEBUG   - INTERSECTION A
 and (R only (S only (S some 
    ((B or D)
     and (not (C))))))

2020-04-23   21:40:30   DEBUG   - CLASS :A

2020-04-23   21:40:30   DEBUG   - ALL 2 R only (S only (S some 
    ((B or D)
     and (not (C)))))

2020-04-23   21:40:30   DEBUG   - ALL NO CONDIZIONI

2020-04-23   21:40:30   DEBUG   - SAT :2true

2020-04-23   21:40:30   DEBUG   - SAT :8true

2020-04-23   21:40:30   DEBUG   - SAT :-1true

2020-04-23   21:40:30   INFO    - Modello trovato:  not (B) | EXIST S. { } C | } EXIST R. { } A | } } |

2020-04-23   21:40:30   INFO    - The concept is true

