2020-04-27   15:18:24   DEBUG   - SAT: -1

2020-04-27   15:18:24   DEBUG   - Rule: 0 INTERSECTION: (B or (S some (R only A)))
 and (D or (S some C))
 and ((not (B)) or (not (D)))
 and ((S only (not (C))) or (S only (R some 
    (A
     and (not (A))))))

2020-04-27   15:18:24   DEBUG   - Rule: 1 UNION: B or (S some (R only A))

2020-04-27   15:18:24   DEBUG   - CHOICE B

2020-04-27   15:18:24   DEBUG   - Rule: 2 UNION: D or (S some C)

2020-04-27   15:18:24   DEBUG   - CHOICE D

2020-04-27   15:18:24   DEBUG   - Rule: 3 UNION: (not (B)) or (not (D))

2020-04-27   15:18:24   DEBUG   - CHOICE not (B)

2020-04-27   15:18:24   DEBUG   - CLASH B not (B)

2020-04-27   15:18:24   DEBUG   - CHOICE not (D)

2020-04-27   15:18:24   DEBUG   - CLASH D not (D)

2020-04-27   15:18:24   DEBUG   - BACKTRACK :2

2020-04-27   15:18:24   DEBUG   - Rule: 2 UNION: D or (S some C)

2020-04-27   15:18:24   DEBUG   - CHOICE S some C

2020-04-27   15:18:24   DEBUG   - Rule: 3 UNION: (not (B)) or (not (D))

2020-04-27   15:18:24   DEBUG   - CHOICE not (B)

2020-04-27   15:18:24   DEBUG   - CLASH B not (B)

2020-04-27   15:18:24   DEBUG   - CHOICE not (D)

2020-04-27   15:18:24   DEBUG   - Rule: 4 UNION: (S only (not (C))) or (S only (R some 
    (A
     and (not (A)))))

2020-04-27   15:18:24   DEBUG   - CHOICE S only (not (C))

2020-04-27   15:18:24   DEBUG   - CLASH S some C S only (not (C))

2020-04-27   15:18:24   DEBUG   - CHOICE S only (R some 
    (A
     and (not (A))))

2020-04-27   15:18:24   DEBUG   - CLASS :B

2020-04-27   15:18:24   DEBUG   - Rule: 6 SOME: S some C

2020-04-27   15:18:24   DEBUG   - SAT: 6

2020-04-27   15:18:24   DEBUG   - CLASS :C

2020-04-27   15:18:24   DEBUG   - SAT: 6 true

2020-04-27   15:18:24   DEBUG   - CLASS :not (D)

2020-04-27   15:18:24   DEBUG   - Rule: 8 ALL: S only (R some 
    (A
     and (not (A))))

2020-04-27   15:18:24   DEBUG   - SAT: 8

2020-04-27   15:18:24   DEBUG   - Rule: 0 INTERSECTION: C
 and (R some 
    (A
     and (not (A))))

2020-04-27   15:18:24   DEBUG   - CLASS :C

2020-04-27   15:18:24   DEBUG   - Rule: 2 SOME: R some 
    (A
     and (not (A)))

2020-04-27   15:18:24   DEBUG   - SAT: 2

2020-04-27   15:18:24   DEBUG   - Rule: 0 INTERSECTION: A
 and (not (A))

2020-04-27   15:18:24   DEBUG   - CLASS :A

2020-04-27   15:18:24   DEBUG   - CLASH A not (A)

2020-04-27   15:18:24   DEBUG   - BACKTRACK :-1

2020-04-27   15:18:24   DEBUG   - SAT: 2 false

2020-04-27   15:18:24   DEBUG   - SOME UNSATISFIABLE

2020-04-27   15:18:24   DEBUG   - BACKTRACK :-1

2020-04-27   15:18:24   DEBUG   - SAT: 8 false

2020-04-27   15:18:24   DEBUG   - ALL UNSATISFIABLE

2020-04-27   15:18:24   DEBUG   - BACKTRACK :4

2020-04-27   15:18:24   DEBUG   - Rule: 4 UNION: (S only (not (C))) or (S only (R some 
    (A
     and (not (A)))))

2020-04-27   15:18:24   DEBUG   - CHOICE S only (not (C))

2020-04-27   15:18:24   DEBUG   - CLASH S some C S only (not (C))

2020-04-27   15:18:24   DEBUG   - CHOICE S only (R some 
    (A
     and (not (A))))

2020-04-27   15:18:24   DEBUG   - CLASS :B

2020-04-27   15:18:24   DEBUG   - Rule: 6 SOME: S some C

2020-04-27   15:18:24   DEBUG   - SAT: 6

2020-04-27   15:18:24   DEBUG   - CLASS :C

2020-04-27   15:18:24   DEBUG   - SAT: 6 true

2020-04-27   15:18:24   DEBUG   - Rule: 7 ALL: S only (R some 
    (A
     and (not (A))))

2020-04-27   15:18:24   DEBUG   - SAT: 7

2020-04-27   15:18:24   DEBUG   - Rule: 0 INTERSECTION: C
 and (R some 
    (A
     and (not (A))))

2020-04-27   15:18:24   DEBUG   - CLASS :C

2020-04-27   15:18:24   DEBUG   - Rule: 2 SOME: R some 
    (A
     and (not (A)))

2020-04-27   15:18:24   DEBUG   - SAT: 2

2020-04-27   15:18:24   DEBUG   - Rule: 0 INTERSECTION: A
 and (not (A))

2020-04-27   15:18:24   DEBUG   - CLASS :A

2020-04-27   15:18:24   DEBUG   - CLASH A not (A)

2020-04-27   15:18:24   DEBUG   - BACKTRACK :-1

2020-04-27   15:18:24   DEBUG   - SAT: 2 false

2020-04-27   15:18:24   DEBUG   - SOME UNSATISFIABLE

2020-04-27   15:18:24   DEBUG   - BACKTRACK :-1

2020-04-27   15:18:24   DEBUG   - SAT: 7 false

2020-04-27   15:18:24   DEBUG   - ALL UNSATISFIABLE

2020-04-27   15:18:24   DEBUG   - BACKTRACK :4

2020-04-27   15:18:24   DEBUG   - Rule: 4 UNION: (S only (not (C))) or (S only (R some 
    (A
     and (not (A)))))

2020-04-27   15:18:24   DEBUG   - CHOICE S only (not (C))

2020-04-27   15:18:24   DEBUG   - CLASS :B

2020-04-27   15:18:24   DEBUG   - Rule: 6 ALL: S only (not (C))

2020-04-27   15:18:24   DEBUG   - ALL NO CONDITIONS

2020-04-27   15:18:24   DEBUG   - SAT: 6

2020-04-27   15:18:24   DEBUG   - CLASS :not (C)

2020-04-27   15:18:24   DEBUG   - SAT: 6 true

2020-04-27   15:18:24   DEBUG   - SAT: -1 true

2020-04-27   15:18:24   DEBUG   - NUMERO ITERAZIONI: 27

2020-04-27   15:18:24   DEBUG   - MODELLO:  B | EXIST S. { not (C) } |

2020-04-27   15:18:24   INFO    - The concept is true

2020-04-27   15:18:24   INFO    - Modello trovato: | B | EXIST S. { not (C) } |

2020-04-27   15:18:25   DEBUG   - SAT: -1

2020-04-27   15:18:25   DEBUG   - Rule: 0 UNION: (B
 and D) or ((not (B))
 and (S only (R some (not (A))))) or ((not (D))
 and (S only (not (C)))) or ((S some C)
 and (S some (R only 
    (A or (not (A))))))

2020-04-27   15:18:25   DEBUG   - CHOICE B
 and D

2020-04-27   15:18:25   DEBUG   - Rule: 1 INTERSECTION: B
 and D

2020-04-27   15:18:25   DEBUG   - CLASS :D

2020-04-27   15:18:25   DEBUG   - Rule: 3 UNION: (B
 and D) or ((not (B))
 and (S only (R some (not (A))))) or ((not (D))
 and (S only (not (C)))) or ((S some C)
 and (S some (R only 
    (A or (not (A))))))

2020-04-27   15:18:25   DEBUG   - CHOICE (B
 and D) or ((not (B))
 and (S only (R some (not (A))))) or ((not (D))
 and (S only (not (C)))) or ((S some C)
 and (S some (R only 
    (A or (not (A))))))

2020-04-27   15:18:25   DEBUG   - SAT: -1 true

2020-04-27   15:18:25   DEBUG   - NUMERO ITERAZIONI: 4

2020-04-27   15:18:25   DEBUG   - MODELLO:  B | D |

2020-04-27   15:18:25   INFO    - The concept is true

2020-04-27   15:18:25   INFO    - Modello trovato: | B | D |

