2020-04-23   21:45:08   DEBUG   - SAT :-1

2020-04-23   21:45:08   DEBUG   - UNION ((D or (S some C))
 and (not (B))
 and (S only (R some (not (A))))) or ((not (D))
 and (S only (not (C)))) or (B or (S some (R only A)))

2020-04-23   21:45:08   DEBUG   - CHOICE (D or (S some C))
 and (not (B))
 and (S only (R some (not (A))))

2020-04-23   21:45:08   DEBUG   - INTERSECTION (D or (S some C))
 and (not (B))
 and (S only (R some (not (A))))

2020-04-23   21:45:08   DEBUG   - UNION D or (S some C)

2020-04-23   21:45:09   DEBUG   - CHOICE D

2020-04-23   21:45:09   DEBUG   - CLASS :not (B)

2020-04-23   21:45:09   DEBUG   - ALL 4 S only (R some (not (A)))

2020-04-23   21:45:09   DEBUG   - ALL NO CONDIZIONI

2020-04-23   21:45:09   DEBUG   - CLASS :D

2020-04-23   21:45:09   DEBUG   - SAT :-1true

2020-04-23   21:45:09   INFO    - Modello trovato:  not (B) | D |

2020-04-23   21:45:09   INFO    - The concept is true

