2020-04-24   12:01:35   DEBUG   - 
SAT: -1

2020-04-24   12:01:35   DEBUG   - Rule: 0 SOME: R some 
    ((A
     and (((B or (S some (R only A)))
     and (D or (S some C))
     and ((not (B)) or (not (D)))
     and ((S only (not (C))) or (S only (R some (R only (S only (S some 
        ((B or D)
         and (not (C)))))))))) or (((D or (S some C))
     and (not (B))
     and (S only (R some (not (A))))) or ((not (D))
     and (S only (not (C)))) or (B or (S some (R only A)))) or (((Z some (Z only (S only 
        (A
         and B
         and D
         and (not (C))
         and (R only (S some (R some 
            ((A
             and B
             and D) or (A
             and C
             and D
             and (Nothing or (not (C)))) or (not (A)) or (not (C))))))))))
     and (S only 
        ((not (A))
         and (not (C))))) or (Z some 
        (((S some (R some 
            (A or B or C or (not (D))))) or (R only (S only 
            (((C
             and D
             and (not (A)))
             and (A or B)) or (not (A)) or (not (B)))))) or (R only 
            ((A
             and C) or (B
             and C
             and (not (D))) or (not (B))))))))
     and (R some B)
     and (R only C)) or (D
     and ((S some (not (A))) or (S some (R only A)))
     and ((S only (not (C))) or (S only (R some (not (A)))))) or ((R only A) or (R only 
        (A or B))))

2020-04-24   12:01:35   DEBUG   - 
SAT: 0

2020-04-24   12:01:35   DEBUG   - Rule: 0 UNION: (A
 and (((B or (S some (R only A)))
 and (D or (S some C))
 and ((not (B)) or (not (D)))
 and ((S only (not (C))) or (S only (R some (R only (S only (S some 
    ((B or D)
     and (not (C)))))))))) or (((D or (S some C))
 and (not (B))
 and (S only (R some (not (A))))) or ((not (D))
 and (S only (not (C)))) or (B or (S some (R only A)))) or (((Z some (Z only (S only 
    (A
     and B
     and D
     and (not (C))
     and (R only (S some (R some 
        ((A
         and B
         and D) or (A
         and C
         and D
         and (Nothing or (not (C)))) or (not (A)) or (not (C))))))))))
 and (S only 
    ((not (A))
     and (not (C))))) or (Z some 
    (((S some (R some 
        (A or B or C or (not (D))))) or (R only (S only 
        (((C
         and D
         and (not (A)))
         and (A or B)) or (not (A)) or (not (B)))))) or (R only 
        ((A
         and C) or (B
         and C
         and (not (D))) or (not (B))))))))
 and (R some B)
 and (R only C)) or (D
 and ((S some (not (A))) or (S some (R only A)))
 and ((S only (not (C))) or (S only (R some (not (A)))))) or ((R only A) or (R only 
    (A or B)))

2020-04-24   12:01:35   DEBUG   - CHOICE A
 and (((B or (S some (R only A)))
 and (D or (S some C))
 and ((not (B)) or (not (D)))
 and ((S only (not (C))) or (S only (R some (R only (S only (S some 
    ((B or D)
     and (not (C)))))))))) or (((D or (S some C))
 and (not (B))
 and (S only (R some (not (A))))) or ((not (D))
 and (S only (not (C)))) or (B or (S some (R only A)))) or (((Z some (Z only (S only 
    (A
     and B
     and D
     and (not (C))
     and (R only (S some (R some 
        ((A
         and B
         and D) or (A
         and C
         and D
         and (Nothing or (not (C)))) or (not (A)) or (not (C))))))))))
 and (S only 
    ((not (A))
     and (not (C))))) or (Z some 
    (((S some (R some 
        (A or B or C or (not (D))))) or (R only (S only 
        (((C
         and D
         and (not (A)))
         and (A or B)) or (not (A)) or (not (B)))))) or (R only 
        ((A
         and C) or (B
         and C
         and (not (D))) or (not (B))))))))
 and (R some B)
 and (R only C)

2020-04-24   12:01:35   DEBUG   - INTERSECTION A
 and (((B or (S some (R only A)))
 and (D or (S some C))
 and ((not (B)) or (not (D)))
 and ((S only (not (C))) or (S only (R some (R only (S only (S some 
    ((B or D)
     and (not (C)))))))))) or (((D or (S some C))
 and (not (B))
 and (S only (R some (not (A))))) or ((not (D))
 and (S only (not (C)))) or (B or (S some (R only A)))) or (((Z some (Z only (S only 
    (A
     and B
     and D
     and (not (C))
     and (R only (S some (R some 
        ((A
         and B
         and D) or (A
         and C
         and D
         and (Nothing or (not (C)))) or (not (A)) or (not (C))))))))))
 and (S only 
    ((not (A))
     and (not (C))))) or (Z some 
    (((S some (R some 
        (A or B or C or (not (D))))) or (R only (S only 
        (((C
         and D
         and (not (A)))
         and (A or B)) or (not (A)) or (not (B)))))) or (R only 
        ((A
         and C) or (B
         and C
         and (not (D))) or (not (B))))))))
 and (R some B)
 and (R only C)

2020-04-24   12:01:35   DEBUG   - Rule: 2 CLASS: A

2020-04-24   12:01:35   DEBUG   - Rule: 3 UNION: ((B or (S some (R only A)))
 and (D or (S some C))
 and ((not (B)) or (not (D)))
 and ((S only (not (C))) or (S only (R some (R only (S only (S some 
    ((B or D)
     and (not (C)))))))))) or (((D or (S some C))
 and (not (B))
 and (S only (R some (not (A))))) or ((not (D))
 and (S only (not (C)))) or (B or (S some (R only A)))) or (((Z some (Z only (S only 
    (A
     and B
     and D
     and (not (C))
     and (R only (S some (R some 
        ((A
         and B
         and D) or (A
         and C
         and D
         and (Nothing or (not (C)))) or (not (A)) or (not (C))))))))))
 and (S only 
    ((not (A))
     and (not (C))))) or (Z some 
    (((S some (R some 
        (A or B or C or (not (D))))) or (R only (S only 
        (((C
         and D
         and (not (A)))
         and (A or B)) or (not (A)) or (not (B)))))) or (R only 
        ((A
         and C) or (B
         and C
         and (not (D))) or (not (B)))))))

2020-04-24   12:01:35   DEBUG   - CHOICE (B or (S some (R only A)))
 and (D or (S some C))
 and ((not (B)) or (not (D)))
 and ((S only (not (C))) or (S only (R some (R only (S only (S some 
    ((B or D)
     and (not (C)))))))))

2020-04-24   12:01:35   DEBUG   - Rule: 4 SOME: R some B

2020-04-24   12:01:35   DEBUG   - 
SAT: 4

2020-04-24   12:01:35   DEBUG   - Rule: 0 CLASS: B

2020-04-24   12:01:35   DEBUG   - SAT: 4 true

2020-04-24   12:01:35   DEBUG   - Rule: 5 ALL: R only C

2020-04-24   12:01:35   DEBUG   - 
SAT: 5

2020-04-24   12:01:35   DEBUG   - INTERSECTION B
 and C

2020-04-24   12:01:35   DEBUG   - Rule: 1 CLASS: B

2020-04-24   12:01:35   DEBUG   - Rule: 2 CLASS: C

2020-04-24   12:01:35   DEBUG   - SAT: 5 true

2020-04-24   12:01:35   DEBUG   - INTERSECTION (B or (S some (R only A)))
 and (D or (S some C))
 and ((not (B)) or (not (D)))
 and ((S only (not (C))) or (S only (R some (R only (S only (S some 
    ((B or D)
     and (not (C)))))))))

2020-04-24   12:01:35   DEBUG   - Rule: 7 UNION: B or (S some (R only A))

2020-04-24   12:01:35   DEBUG   - CHOICE B

2020-04-24   12:01:35   DEBUG   - Rule: 8 UNION: D or (S some C)

2020-04-24   12:01:35   DEBUG   - CHOICE D

2020-04-24   12:01:35   DEBUG   - Rule: 9 UNION: (not (B)) or (not (D))

2020-04-24   12:01:35   DEBUG   - CHOICE not (B)

2020-04-24   12:01:35   DEBUG   - CLASH B not (B)

2020-04-24   12:01:35   DEBUG   - BACKTRACK :9

2020-04-24   12:01:35   DEBUG   - Rule: 9 UNION: (not (B)) or (not (D))

2020-04-24   12:01:35   DEBUG   - CHOICE not (D)

2020-04-24   12:01:35   DEBUG   - CLASH D not (D)

2020-04-24   12:01:35   DEBUG   - BACKTRACK :9

2020-04-24   12:01:35   DEBUG   - Rule: 9 UNION: (not (B)) or (not (D))

2020-04-24   12:01:35   DEBUG   - BACKTRACK :8

2020-04-24   12:01:35   DEBUG   - Rule: 8 UNION: D or (S some C)

2020-04-24   12:01:35   DEBUG   - CHOICE S some C

2020-04-24   12:01:35   DEBUG   - Rule: 9 UNION: (not (B)) or (not (D))

2020-04-24   12:01:35   DEBUG   - CHOICE not (B)

2020-04-24   12:01:35   DEBUG   - CLASH B not (B)

2020-04-24   12:01:35   DEBUG   - BACKTRACK :9

2020-04-24   12:01:35   DEBUG   - Rule: 9 UNION: (not (B)) or (not (D))

2020-04-24   12:01:35   DEBUG   - CHOICE not (D)

2020-04-24   12:01:35   DEBUG   - Rule: 10 UNION: (S only (not (C))) or (S only (R some (R only (S only (S some 
    ((B or D)
     and (not (C))))))))

2020-04-24   12:01:35   DEBUG   - CHOICE S only (not (C))

2020-04-24   12:01:35   DEBUG   - CLASH S some C S only (not (C))

2020-04-24   12:01:35   DEBUG   - BACKTRACK :10

2020-04-24   12:01:35   DEBUG   - Rule: 10 UNION: (S only (not (C))) or (S only (R some (R only (S only (S some 
    ((B or D)
     and (not (C))))))))

2020-04-24   12:01:35   DEBUG   - CHOICE S only (R some (R only (S only (S some 
    ((B or D)
     and (not (C)))))))

2020-04-24   12:01:36   DEBUG   - Rule: 11 CLASS: B

2020-04-24   12:01:36   DEBUG   - Rule: 12 SOME: S some C

2020-04-24   12:01:36   DEBUG   - 
SAT: 12

2020-04-24   12:01:36   DEBUG   - Rule: 0 CLASS: C

2020-04-24   12:01:36   DEBUG   - SAT: 12 true

2020-04-24   12:01:36   DEBUG   - Rule: 13 CLASS: not (D)

2020-04-24   12:01:36   DEBUG   - Rule: 14 ALL: S only (R some (R only (S only (S some 
    ((B or D)
     and (not (C)))))))

2020-04-24   12:01:36   DEBUG   - 
SAT: 14

2020-04-24   12:01:36   DEBUG   - INTERSECTION C
 and (R some (R only (S only (S some 
    ((B or D)
     and (not (C)))))))

2020-04-24   12:01:36   DEBUG   - Rule: 1 CLASS: C

2020-04-24   12:01:36   DEBUG   - Rule: 2 SOME: R some (R only (S only (S some 
    ((B or D)
     and (not (C))))))

2020-04-24   12:01:36   DEBUG   - 
SAT: 2

2020-04-24   12:01:36   DEBUG   - Rule: 0 ALL: R only (S only (S some 
    ((B or D)
     and (not (C)))))

2020-04-24   12:01:36   DEBUG   - ALL NO CONDIZIONI

2020-04-24   12:01:36   DEBUG   - SAT: 2 true

2020-04-24   12:01:36   DEBUG   - SAT: 14 true

2020-04-24   12:01:36   DEBUG   - SAT: 0 true

2020-04-24   12:01:36   DEBUG   - SAT: -1 true

2020-04-24   12:01:36   INFO    - Modello trovato:  EXIST R. { A | B | not (D) | EXIST S. { C | } EXIST S. { C | EXIST R. { } } EXIST R. { B | } EXIST R. { B | C | } } |

2020-04-24   12:01:36   INFO    - The concept is true

