2020-04-24   12:04:11   DEBUG   - SAT: -1

2020-04-24   12:04:11   DEBUG   - INTERSECTION (R some A)
 and (R only 
    (A or B))

2020-04-24   12:04:11   DEBUG   - Rule: 1 SOME: R some A

2020-04-24   12:04:12   DEBUG   - SAT: 1

2020-04-24   12:04:12   DEBUG   - Rule: 0 CLASS: A

2020-04-24   12:04:12   DEBUG   - SAT: 1 true

2020-04-24   12:04:12   DEBUG   - Rule: 2 ALL: R only 
    (A or B)

2020-04-24   12:04:12   DEBUG   - SAT: 2

2020-04-24   12:04:12   DEBUG   - INTERSECTION A
 and (A or B)

2020-04-24   12:04:12   DEBUG   - Rule: 1 CLASS: A

2020-04-24   12:04:12   DEBUG   - Rule: 2 UNION: A or B

2020-04-24   12:04:12   DEBUG   - CHOICE A

2020-04-24   12:04:12   DEBUG   - SAT: 2 true

2020-04-24   12:04:12   DEBUG   - SAT: -1 true

2020-04-24   12:04:12   INFO    - Modello trovato:  EXIST R. { A | } EXIST R. { A | } |

2020-04-24   12:04:12   INFO    - The concept is true

