2020-04-23   21:50:38   DEBUG   - SAT :-1

2020-04-23   21:50:38   DEBUG   - INTERSECTION D
 and ((S some (not (A))) or (S some (R only A)))
 and ((S only (not (C))) or (S only (R some (not (A)))))

2020-04-23   21:50:38   DEBUG   - CLASS :D

2020-04-23   21:50:38   DEBUG   - UNION (S some (not (A))) or (S some (R only A))

2020-04-23   21:50:38   DEBUG   - CHOICE S some (not (A))

2020-04-23   21:50:39   DEBUG   - UNION (S only (not (C))) or (S only (R some (not (A))))

2020-04-23   21:50:39   DEBUG   - CHOICE S only (not (C))

2020-04-23   21:50:39   DEBUG   - SOME: 4 S some (not (A))

2020-04-23   21:50:39   DEBUG   - SAT :4

2020-04-23   21:50:39   DEBUG   - CLASS :not (A)

2020-04-23   21:50:39   DEBUG   - SAT :4true

2020-04-23   21:50:39   DEBUG   - ALL 5 S only (not (C))

2020-04-23   21:50:39   DEBUG   - SAT :5

2020-04-23   21:50:39   DEBUG   - INTERSECTION (not (A))
 and (not (C))

2020-04-23   21:50:39   DEBUG   - CLASS :not (A)

2020-04-23   21:50:39   DEBUG   - CLASS :not (C)

2020-04-23   21:50:39   DEBUG   - SAT :5true

2020-04-23   21:50:39   DEBUG   - SAT :-1true

2020-04-23   21:50:39   INFO    - Modello trovato:  D | EXIST S. { not (A) | } not (A) | not (C) | } |

2020-04-23   21:50:39   INFO    - The concept is true

