2020-04-24   12:21:07   DEBUG   - SAT: -1

2020-04-24   12:21:07   DEBUG   - INTERSECTION (R some (not (A)))
 and (R only 
    (A or B))

2020-04-24   12:21:07   DEBUG   - Rule: 1 SOME: R some (not (A))

2020-04-24   12:21:07   DEBUG   - SAT: 1

2020-04-24   12:21:07   DEBUG   - CLASS :not (A)

2020-04-24   12:21:07   DEBUG   - SAT: 1 true

2020-04-24   12:21:07   DEBUG   - Rule: 2 ALL: R only 
    (A or B)

2020-04-24   12:21:07   DEBUG   - SAT: 2

2020-04-24   12:21:07   DEBUG   - INTERSECTION (A or B)
 and (not (A))

2020-04-24   12:21:07   DEBUG   - Rule: 1 UNION: A or B

2020-04-24   12:21:07   DEBUG   - CHOICE A

2020-04-24   12:21:07   DEBUG   - CLASH not (A) A

2020-04-24   12:21:07   DEBUG   - BACKTRACK :1

2020-04-24   12:21:07   DEBUG   - Rule: 1 UNION: A or B

2020-04-24   12:21:07   DEBUG   - CHOICE B

2020-04-24   12:21:08   DEBUG   - CLASS :not (A)

2020-04-24   12:21:08   DEBUG   - CLASS :B

2020-04-24   12:21:08   DEBUG   - SAT: 2 true

2020-04-24   12:21:08   DEBUG   - SAT: -1 true

2020-04-24   12:21:08   INFO    - Modello trovato: | EXIST R. { not (A) } EXIST R. { not (A) B } |

2020-04-24   12:21:08   INFO    - The concept is true

