2020-05-15   00:23:10   DEBUG   - SAT: -1

2020-05-15   00:23:10   DEBUG   - Rule: 0 INTERSECTION: (A1 or A2)
 and (B1 or B2)
 and ((not (A1)) or (R only 
    (A1
     and A2)))
 and ((R some (not (A1))) or (R some (not (A2))))

2020-05-15   00:23:10   DEBUG   - Rule: 1 UNION: A1 or A2

2020-05-15   00:23:10   DEBUG   - CHOICE A1

2020-05-15   00:23:10   DEBUG   - Rule: 2 UNION: B1 or B2

2020-05-15   00:23:10   DEBUG   - CHOICE B1

2020-05-15   00:23:11   DEBUG   - Rule: 3 UNION: (not (A1)) or (R only 
    (A1
     and A2))

2020-05-15   00:23:11   DEBUG   - CHOICE R only 
    (A1
     and A2)

2020-05-15   00:23:11   DEBUG   - Rule: 4 UNION: (R some (not (A1))) or (R some (not (A2)))

2020-05-15   00:23:11   DEBUG   - CHOICE R some (not (A1))

2020-05-15   00:23:11   DEBUG   - Rule: 5 CLASS :A1

2020-05-15   00:23:11   DEBUG   - Rule: 6 CLASS :B1

2020-05-15   00:23:11   DEBUG   - Rule: 7 ALL: R only 
    (A1
     and A2)

2020-05-15   00:23:11   DEBUG   - ALL NO CONDITIONS

2020-05-15   00:23:11   DEBUG   - Rule: 8 SOME: R some (not (A1))

2020-05-15   00:23:11   DEBUG   - SAT: 8

2020-05-15   00:23:11   DEBUG   - Rule: 0 INTERSECTION: (A1
 and A2)
 and (not (A1))

2020-05-15   00:23:11   DEBUG   - Rule: 1 INTERSECTION: A1
 and A2

2020-05-15   00:23:11   DEBUG   - Rule: 2 CLASS :not (A1)

2020-05-15   00:23:11   DEBUG   - CLASH not (A1) | A1

2020-05-15   00:23:11   DEBUG   - SOME UNSATISFIABLE

2020-05-15   00:23:11   DEBUG   - BACKTRACK 4

2020-05-15   00:23:11   DEBUG   - CHOICE R some (not (A2))

2020-05-15   00:23:11   DEBUG   - Rule: 5 CLASS :A1

2020-05-15   00:23:11   DEBUG   - Rule: 6 CLASS :B1

2020-05-15   00:23:11   DEBUG   - Rule: 7 ALL: R only 
    (A1
     and A2)

2020-05-15   00:23:11   DEBUG   - ALL NO CONDITIONS

2020-05-15   00:23:11   DEBUG   - Rule: 8 SOME: R some (not (A2))

2020-05-15   00:23:11   DEBUG   - SAT: 8

2020-05-15   00:23:11   DEBUG   - Rule: 0 INTERSECTION: (A1
 and A2)
 and (not (A2))

2020-05-15   00:23:11   DEBUG   - Rule: 1 INTERSECTION: A1
 and A2

2020-05-15   00:23:11   DEBUG   - Rule: 2 CLASS :not (A2)

2020-05-15   00:23:11   DEBUG   - CLASH not (A2) | A2

2020-05-15   00:23:11   DEBUG   - SOME UNSATISFIABLE

2020-05-15   00:23:11   DEBUG   - BACKTRACK 3

2020-05-15   00:23:11   DEBUG   - CHOICE not (A1)

2020-05-15   00:23:11   DEBUG   - CLASH A1 | not (A1)

2020-05-15   00:23:11   DEBUG   - BACKTRACK 2

2020-05-15   00:23:11   DEBUG   - CHOICE B2

2020-05-15   00:23:11   DEBUG   - Rule: 3 UNION: (not (A1)) or (R only 
    (A1
     and A2))

2020-05-15   00:23:11   DEBUG   - CHOICE R only 
    (A1
     and A2)

2020-05-15   00:23:11   DEBUG   - Rule: 4 UNION: (R some (not (A1))) or (R some (not (A2)))

2020-05-15   00:23:11   DEBUG   - CHOICE R some (not (A1))

2020-05-15   00:23:11   DEBUG   - Rule: 5 CLASS :A1

2020-05-15   00:23:11   DEBUG   - Rule: 6 CLASS :B2

2020-05-15   00:23:11   DEBUG   - Rule: 7 ALL: R only 
    (A1
     and A2)

2020-05-15   00:23:11   DEBUG   - ALL NO CONDITIONS

2020-05-15   00:23:11   DEBUG   - Rule: 8 SOME: R some (not (A1))

2020-05-15   00:23:11   DEBUG   - SAT: 8

2020-05-15   00:23:11   DEBUG   - Rule: 0 INTERSECTION: (A1
 and A2)
 and (not (A1))

2020-05-15   00:23:11   DEBUG   - Rule: 1 INTERSECTION: A1
 and A2

2020-05-15   00:23:11   DEBUG   - Rule: 2 CLASS :not (A1)

2020-05-15   00:23:11   DEBUG   - CLASH not (A1) | A1

2020-05-15   00:23:11   DEBUG   - SOME UNSATISFIABLE

2020-05-15   00:23:11   DEBUG   - BACKTRACK 4

2020-05-15   00:23:11   DEBUG   - CHOICE R some (not (A2))

2020-05-15   00:23:11   DEBUG   - Rule: 5 CLASS :A1

2020-05-15   00:23:11   DEBUG   - Rule: 6 CLASS :B2

2020-05-15   00:23:11   DEBUG   - Rule: 7 ALL: R only 
    (A1
     and A2)

2020-05-15   00:23:11   DEBUG   - ALL NO CONDITIONS

2020-05-15   00:23:11   DEBUG   - Rule: 8 SOME: R some (not (A2))

2020-05-15   00:23:11   DEBUG   - SAT: 8

2020-05-15   00:23:11   DEBUG   - Rule: 0 INTERSECTION: (A1
 and A2)
 and (not (A2))

2020-05-15   00:23:11   DEBUG   - Rule: 1 INTERSECTION: A1
 and A2

2020-05-15   00:23:11   DEBUG   - Rule: 2 CLASS :not (A2)

2020-05-15   00:23:11   DEBUG   - CLASH not (A2) | A2

2020-05-15   00:23:11   DEBUG   - SOME UNSATISFIABLE

2020-05-15   00:23:11   DEBUG   - BACKTRACK 3

2020-05-15   00:23:11   DEBUG   - CHOICE not (A1)

2020-05-15   00:23:11   DEBUG   - CLASH A1 | not (A1)

2020-05-15   00:23:11   DEBUG   - BACKTRACK 1

2020-05-15   00:23:11   DEBUG   - CHOICE A2

2020-05-15   00:23:11   DEBUG   - Rule: 2 UNION: B1 or B2

2020-05-15   00:23:11   DEBUG   - CHOICE B1

2020-05-15   00:23:11   DEBUG   - Rule: 3 UNION: (not (A1)) or (R only 
    (A1
     and A2))

2020-05-15   00:23:11   DEBUG   - CHOICE R only 
    (A1
     and A2)

2020-05-15   00:23:11   DEBUG   - Rule: 4 UNION: (R some (not (A1))) or (R some (not (A2)))

2020-05-15   00:23:11   DEBUG   - CHOICE R some (not (A1))

2020-05-15   00:23:11   DEBUG   - Rule: 5 CLASS :A2

2020-05-15   00:23:11   DEBUG   - Rule: 6 CLASS :B1

2020-05-15   00:23:11   DEBUG   - Rule: 7 ALL: R only 
    (A1
     and A2)

2020-05-15   00:23:11   DEBUG   - ALL NO CONDITIONS

2020-05-15   00:23:11   DEBUG   - Rule: 8 SOME: R some (not (A1))

2020-05-15   00:23:11   DEBUG   - SAT: 8

2020-05-15   00:23:11   DEBUG   - Rule: 0 INTERSECTION: (A1
 and A2)
 and (not (A1))

2020-05-15   00:23:11   DEBUG   - Rule: 1 INTERSECTION: A1
 and A2

2020-05-15   00:23:11   DEBUG   - Rule: 2 CLASS :not (A1)

2020-05-15   00:23:11   DEBUG   - CLASH not (A1) | A1

2020-05-15   00:23:11   DEBUG   - SOME UNSATISFIABLE

2020-05-15   00:23:11   DEBUG   - BACKTRACK 4

2020-05-15   00:23:11   DEBUG   - CHOICE R some (not (A2))

2020-05-15   00:23:11   DEBUG   - Rule: 5 CLASS :A2

2020-05-15   00:23:11   DEBUG   - Rule: 6 CLASS :B1

2020-05-15   00:23:11   DEBUG   - Rule: 7 ALL: R only 
    (A1
     and A2)

2020-05-15   00:23:11   DEBUG   - ALL NO CONDITIONS

2020-05-15   00:23:11   DEBUG   - Rule: 8 SOME: R some (not (A2))

2020-05-15   00:23:11   DEBUG   - SAT: 8

2020-05-15   00:23:11   DEBUG   - Rule: 0 INTERSECTION: (A1
 and A2)
 and (not (A2))

2020-05-15   00:23:11   DEBUG   - Rule: 1 INTERSECTION: A1
 and A2

2020-05-15   00:23:11   DEBUG   - Rule: 2 CLASS :not (A2)

2020-05-15   00:23:11   DEBUG   - CLASH not (A2) | A2

2020-05-15   00:23:11   DEBUG   - SOME UNSATISFIABLE

2020-05-15   00:23:11   DEBUG   - BACKTRACK 3

2020-05-15   00:23:11   DEBUG   - CHOICE not (A1)

2020-05-15   00:23:11   DEBUG   - Rule: 4 UNION: (R some (not (A1))) or (R some (not (A2)))

2020-05-15   00:23:11   DEBUG   - CHOICE R some (not (A1))

2020-05-15   00:23:11   DEBUG   - Rule: 5 CLASS :A2

2020-05-15   00:23:11   DEBUG   - Rule: 6 CLASS :B1

2020-05-15   00:23:11   DEBUG   - Rule: 7 CLASS :not (A1)

2020-05-15   00:23:11   DEBUG   - Rule: 8 SOME: R some (not (A1))

2020-05-15   00:23:11   DEBUG   - SAT: 8

2020-05-15   00:23:11   DEBUG   - Rule: 0 CLASS :not (A1)

2020-05-15   00:23:11   DEBUG   - SOME 8 SATISFIABLE

2020-05-15   00:23:11   INFO    - ALC(ChronologicalTableau): true

2020-05-15   00:23:11   INFO    - Iterations: 59

2020-05-15   00:23:11   INFO    - Model: | A2 | B1 | not (A1) | R some (not (A1)) | 

