2020-05-15   00:23:12   DEBUG   - SAT: -1

2020-05-15   00:23:12   DEBUG   - Rule: 0 INTERSECTION: (B or (R some A))
 and (C or D)
 and (E or F)
 and (G or (not (A)))
 and ((A
 and (not (G))) or (C
 and (R some A)) or (E
 and G) or ((not (B))
 and (R only (not (A)))) or ((not (C))
 and (not (D))) or ((not (E))
 and (not (F))))
 and ((not (C)) or (R only (not (A))))
 and ((not (E)) or (not (G)))

2020-05-15   00:23:12   DEBUG   - Rule: 1 UNION: B or (R some A)

2020-05-15   00:23:12   DEBUG   - CHOICE R some A

2020-05-15   00:23:12   DEBUG   - Rule: 2 UNION: C or D

2020-05-15   00:23:12   DEBUG   - CHOICE C

2020-05-15   00:23:12   DEBUG   - Rule: 3 UNION: E or F

2020-05-15   00:23:12   DEBUG   - CHOICE E

2020-05-15   00:23:12   DEBUG   - Rule: 4 UNION: G or (not (A))

2020-05-15   00:23:12   DEBUG   - CHOICE G

2020-05-15   00:23:12   DEBUG   - Rule: 5 UNION: (A
 and (not (G))) or (C
 and (R some A)) or (E
 and G) or ((not (B))
 and (R only (not (A)))) or ((not (C))
 and (not (D))) or ((not (E))
 and (not (F)))

2020-05-15   00:23:12   DEBUG   - CHOICE A
 and (not (G))

2020-05-15   00:23:12   DEBUG   - CLASH G or (not (A)) | A
 and (not (G))

2020-05-15   00:23:12   DEBUG   - CHOICE C
 and (R some A)

2020-05-15   00:23:13   DEBUG   - CLASH (not (C)) or (R only (not (A))) | C
 and (R some A)

2020-05-15   00:23:13   DEBUG   - CHOICE E
 and G

2020-05-15   00:23:13   DEBUG   - CLASH (not (E)) or (not (G)) | E
 and G

2020-05-15   00:23:13   DEBUG   - CHOICE (not (B))
 and (R only (not (A)))

2020-05-15   00:23:13   DEBUG   - CLASH B or (R some A) | (not (B))
 and (R only (not (A)))

2020-05-15   00:23:13   DEBUG   - CHOICE (not (C))
 and (not (D))

2020-05-15   00:23:13   DEBUG   - CLASH C or D | (not (C))
 and (not (D))

2020-05-15   00:23:13   DEBUG   - CHOICE (not (E))
 and (not (F))

2020-05-15   00:23:13   DEBUG   - CLASH E or F | (not (E))
 and (not (F))

2020-05-15   00:23:13   INFO    - ALC(JumpingTableau): false

2020-05-15   00:23:13   INFO    - Iterations: 11

