2020-05-15   00:23:03   DEBUG   - SAT: -1

2020-05-15   00:23:03   DEBUG   - Rule: 0 INTERSECTION: Nothing
 and (R some 
    (((E or F or (A or B or C))
     and ((Z some E) or (R only (not (A))) or (S only (not (C)))))
     and ((not (E)) or (not (F)))))
 and (R some 
    ((A
     and (((B or (S some (R only A)))
     and (D or (S some C))
     and ((not (B)) or (not (D)))
     and ((S only (not (C))) or (S only (R some (R only (S only (S some 
        ((B or D)
         and (not (C)))))))))) or ((((S some 
        (A or C))
     and (Z some (Z only (S only 
        (A
         and B
         and D
         and (not (C))
         and (R only (S some (R some 
            ((A
             and B
             and D) or (A
             and C
             and D
             and (Nothing or (not (C)))) or (not (A)) or (not (C))))))))))) or (Z some 
        (((S some (R some 
            (A or B or C or (not (D))))) or (R only (S only 
            (((C
             and D
             and (not (A)))
             and (A or B)) or (not (A)) or (not (B)))))) or (R only 
            ((A
             and C) or ((B
             and C
             and (Z some (not (D)))) or ((not (B))
             and (S some Nothing))))))))
     and (R some B)
     and (R only C)) or (((D or (S some C))
     and (not (B))
     and (S only (R some (not (A))))) or ((not (D))
     and (S only (not (C)))) or (B or (S some (R only A)))))) or (D
     and ((S some (not (A))) or (S some (R only A)))
     and ((S only (not (C))) or (S only (R some (not (A)))))) or ((R only A) or (R only 
        (A or B)))))
 and (Z only 
    (((((not (C)) or (not (D)))
     and (not (A))) or (not (A)) or (not (B)) or (not (C)) or (not (D))) or (S some 
        (B or (C or D or (E
         and (S some 
            ((Nothing
             and (A or (not (A))))
             and (Z some 
                (Nothing or Thing))))
         and (R only (S only (Z some 
            (F or (B
             and (B or (not (A))))))))))))))

2020-05-15   00:23:03   DEBUG   - Rule: 1 SOME: R some 
    (((E or F or (A or B or C))
     and ((Z some E) or (R only (not (A))) or (S only (not (C)))))
     and ((not (E)) or (not (F))))

2020-05-15   00:23:03   DEBUG   - SAT: 1

2020-05-15   00:23:03   DEBUG   - Rule: 0 INTERSECTION: ((E or F or (A or B or C))
 and ((Z some E) or (R only (not (A))) or (S only (not (C)))))
 and ((not (E)) or (not (F)))

2020-05-15   00:23:03   DEBUG   - Rule: 1 INTERSECTION: (E or F or (A or B or C))
 and ((Z some E) or (R only (not (A))) or (S only (not (C))))

2020-05-15   00:23:03   DEBUG   - Rule: 2 UNION: (not (E)) or (not (F))

2020-05-15   00:23:03   DEBUG   - CHOICE not (E)

2020-05-15   00:23:03   DEBUG   - Rule: 3 UNION: E or F or (A or B or C)

2020-05-15   00:23:03   DEBUG   - CHOICE A or B or C

2020-05-15   00:23:03   DEBUG   - Rule: 4 UNION: (Z some E) or (R only (not (A))) or (S only (not (C)))

2020-05-15   00:23:03   DEBUG   - CHOICE Z some E

2020-05-15   00:23:03   DEBUG   - Rule: 5 CLASS :not (E)

2020-05-15   00:23:03   DEBUG   - Rule: 6 UNION: A or B or C

2020-05-15   00:23:03   DEBUG   - CHOICE A

2020-05-15   00:23:03   DEBUG   - Rule: 7 SOME: Z some E

2020-05-15   00:23:03   DEBUG   - SAT: 7

2020-05-15   00:23:03   DEBUG   - Rule: 0 CLASS :E

2020-05-15   00:23:03   DEBUG   - SOME 7 SATISFIABLE

2020-05-15   00:23:03   DEBUG   - Rule: 8 CLASS :A

2020-05-15   00:23:03   DEBUG   - SOME 1 SATISFIABLE

2020-05-15   00:23:03   DEBUG   - Rule: 2 SOME: R some 
    ((A
     and (((B or (S some (R only A)))
     and (D or (S some C))
     and ((not (B)) or (not (D)))
     and ((S only (not (C))) or (S only (R some (R only (S only (S some 
        ((B or D)
         and (not (C)))))))))) or ((((S some 
        (A or C))
     and (Z some (Z only (S only 
        (A
         and B
         and D
         and (not (C))
         and (R only (S some (R some 
            ((A
             and B
             and D) or (A
             and C
             and D
             and (Nothing or (not (C)))) or (not (A)) or (not (C))))))))))) or (Z some 
        (((S some (R some 
            (A or B or C or (not (D))))) or (R only (S only 
            (((C
             and D
             and (not (A)))
             and (A or B)) or (not (A)) or (not (B)))))) or (R only 
            ((A
             and C) or ((B
             and C
             and (Z some (not (D)))) or ((not (B))
             and (S some Nothing))))))))
     and (R some B)
     and (R only C)) or (((D or (S some C))
     and (not (B))
     and (S only (R some (not (A))))) or ((not (D))
     and (S only (not (C)))) or (B or (S some (R only A)))))) or (D
     and ((S some (not (A))) or (S some (R only A)))
     and ((S only (not (C))) or (S only (R some (not (A)))))) or ((R only A) or (R only 
        (A or B))))

2020-05-15   00:23:03   DEBUG   - SAT: 2

2020-05-15   00:23:03   DEBUG   - Rule: 0 UNION: (A
 and (((B or (S some (R only A)))
 and (D or (S some C))
 and ((not (B)) or (not (D)))
 and ((S only (not (C))) or (S only (R some (R only (S only (S some 
    ((B or D)
     and (not (C)))))))))) or ((((S some 
    (A or C))
 and (Z some (Z only (S only 
    (A
     and B
     and D
     and (not (C))
     and (R only (S some (R some 
        ((A
         and B
         and D) or (A
         and C
         and D
         and (Nothing or (not (C)))) or (not (A)) or (not (C))))))))))) or (Z some 
    (((S some (R some 
        (A or B or C or (not (D))))) or (R only (S only 
        (((C
         and D
         and (not (A)))
         and (A or B)) or (not (A)) or (not (B)))))) or (R only 
        ((A
         and C) or ((B
         and C
         and (Z some (not (D)))) or ((not (B))
         and (S some Nothing))))))))
 and (R some B)
 and (R only C)) or (((D or (S some C))
 and (not (B))
 and (S only (R some (not (A))))) or ((not (D))
 and (S only (not (C)))) or (B or (S some (R only A)))))) or (D
 and ((S some (not (A))) or (S some (R only A)))
 and ((S only (not (C))) or (S only (R some (not (A)))))) or ((R only A) or (R only 
    (A or B)))

2020-05-15   00:23:03   DEBUG   - CHOICE A
 and (((B or (S some (R only A)))
 and (D or (S some C))
 and ((not (B)) or (not (D)))
 and ((S only (not (C))) or (S only (R some (R only (S only (S some 
    ((B or D)
     and (not (C)))))))))) or ((((S some 
    (A or C))
 and (Z some (Z only (S only 
    (A
     and B
     and D
     and (not (C))
     and (R only (S some (R some 
        ((A
         and B
         and D) or (A
         and C
         and D
         and (Nothing or (not (C)))) or (not (A)) or (not (C))))))))))) or (Z some 
    (((S some (R some 
        (A or B or C or (not (D))))) or (R only (S only 
        (((C
         and D
         and (not (A)))
         and (A or B)) or (not (A)) or (not (B)))))) or (R only 
        ((A
         and C) or ((B
         and C
         and (Z some (not (D)))) or ((not (B))
         and (S some Nothing))))))))
 and (R some B)
 and (R only C)) or (((D or (S some C))
 and (not (B))
 and (S only (R some (not (A))))) or ((not (D))
 and (S only (not (C)))) or (B or (S some (R only A)))))

2020-05-15   00:23:03   DEBUG   - Rule: 1 INTERSECTION: A
 and (((B or (S some (R only A)))
 and (D or (S some C))
 and ((not (B)) or (not (D)))
 and ((S only (not (C))) or (S only (R some (R only (S only (S some 
    ((B or D)
     and (not (C)))))))))) or ((((S some 
    (A or C))
 and (Z some (Z only (S only 
    (A
     and B
     and D
     and (not (C))
     and (R only (S some (R some 
        ((A
         and B
         and D) or (A
         and C
         and D
         and (Nothing or (not (C)))) or (not (A)) or (not (C))))))))))) or (Z some 
    (((S some (R some 
        (A or B or C or (not (D))))) or (R only (S only 
        (((C
         and D
         and (not (A)))
         and (A or B)) or (not (A)) or (not (B)))))) or (R only 
        ((A
         and C) or ((B
         and C
         and (Z some (not (D)))) or ((not (B))
         and (S some Nothing))))))))
 and (R some B)
 and (R only C)) or (((D or (S some C))
 and (not (B))
 and (S only (R some (not (A))))) or ((not (D))
 and (S only (not (C)))) or (B or (S some (R only A)))))

2020-05-15   00:23:03   DEBUG   - Rule: 2 UNION: ((B or (S some (R only A)))
 and (D or (S some C))
 and ((not (B)) or (not (D)))
 and ((S only (not (C))) or (S only (R some (R only (S only (S some 
    ((B or D)
     and (not (C)))))))))) or ((((S some 
    (A or C))
 and (Z some (Z only (S only 
    (A
     and B
     and D
     and (not (C))
     and (R only (S some (R some 
        ((A
         and B
         and D) or (A
         and C
         and D
         and (Nothing or (not (C)))) or (not (A)) or (not (C))))))))))) or (Z some 
    (((S some (R some 
        (A or B or C or (not (D))))) or (R only (S only 
        (((C
         and D
         and (not (A)))
         and (A or B)) or (not (A)) or (not (B)))))) or (R only 
        ((A
         and C) or ((B
         and C
         and (Z some (not (D)))) or ((not (B))
         and (S some Nothing))))))))
 and (R some B)
 and (R only C)) or (((D or (S some C))
 and (not (B))
 and (S only (R some (not (A))))) or ((not (D))
 and (S only (not (C)))) or (B or (S some (R only A))))

2020-05-15   00:23:03   DEBUG   - CHOICE (B or (S some (R only A)))
 and (D or (S some C))
 and ((not (B)) or (not (D)))
 and ((S only (not (C))) or (S only (R some (R only (S only (S some 
    ((B or D)
     and (not (C)))))))))

2020-05-15   00:23:03   DEBUG   - Rule: 3 CLASS :A

2020-05-15   00:23:03   DEBUG   - Rule: 4 INTERSECTION: (B or (S some (R only A)))
 and (D or (S some C))
 and ((not (B)) or (not (D)))
 and ((S only (not (C))) or (S only (R some (R only (S only (S some 
    ((B or D)
     and (not (C)))))))))

2020-05-15   00:23:03   DEBUG   - Rule: 5 UNION: B or (S some (R only A))

2020-05-15   00:23:03   DEBUG   - CHOICE S some (R only A)

2020-05-15   00:23:03   DEBUG   - Rule: 6 UNION: D or (S some C)

2020-05-15   00:23:03   DEBUG   - CHOICE S some C

2020-05-15   00:23:03   DEBUG   - Rule: 7 UNION: (not (B)) or (not (D))

2020-05-15   00:23:03   DEBUG   - CHOICE not (B)

2020-05-15   00:23:03   DEBUG   - Rule: 8 UNION: (S only (not (C))) or (S only (R some (R only (S only (S some 
    ((B or D)
     and (not (C))))))))

2020-05-15   00:23:03   DEBUG   - CHOICE S only (not (C))

2020-05-15   00:23:03   DEBUG   - CLASH S some C | S only (not (C))

2020-05-15   00:23:03   DEBUG   - CHOICE S only (R some (R only (S only (S some 
    ((B or D)
     and (not (C)))))))

2020-05-15   00:23:03   DEBUG   - Rule: 9 SOME: S some (R only A)

2020-05-15   00:23:03   DEBUG   - SAT: 9

2020-05-15   00:23:03   DEBUG   - Rule: 0 ALL: R only A

2020-05-15   00:23:03   DEBUG   - ALL NO CONDITIONS

2020-05-15   00:23:03   DEBUG   - SOME 9 SATISFIABLE

2020-05-15   00:23:03   DEBUG   - Rule: 10 SOME: S some C

2020-05-15   00:23:03   DEBUG   - SAT: 10

2020-05-15   00:23:03   DEBUG   - Rule: 0 CLASS :C

2020-05-15   00:23:03   DEBUG   - SOME 10 SATISFIABLE

2020-05-15   00:23:03   DEBUG   - Rule: 11 CLASS :not (B)

2020-05-15   00:23:03   DEBUG   - Rule: 12 ALL: S only (R some (R only (S only (S some 
    ((B or D)
     and (not (C)))))))

2020-05-15   00:23:03   DEBUG   - SAT: 12

2020-05-15   00:23:03   DEBUG   - Rule: 0 INTERSECTION: (R some (R only (S only (S some 
    ((B or D)
     and (not (C)))))))
 and (R only A)

2020-05-15   00:23:03   DEBUG   - Rule: 1 SOME: R some (R only (S only (S some 
    ((B or D)
     and (not (C))))))

2020-05-15   00:23:03   DEBUG   - SAT: 1

2020-05-15   00:23:03   DEBUG   - Rule: 0 ALL: R only (S only (S some 
    ((B or D)
     and (not (C)))))

2020-05-15   00:23:03   DEBUG   - ALL NO CONDITIONS

2020-05-15   00:23:03   DEBUG   - SOME 1 SATISFIABLE

2020-05-15   00:23:03   DEBUG   - Rule: 2 ALL: R only A

2020-05-15   00:23:03   DEBUG   - SAT: 2

2020-05-15   00:23:03   DEBUG   - Rule: 0 INTERSECTION: A
 and (R only (S only (S some 
    ((B or D)
     and (not (C))))))

2020-05-15   00:23:03   DEBUG   - Rule: 1 ALL: R only (S only (S some 
    ((B or D)
     and (not (C)))))

2020-05-15   00:23:03   DEBUG   - ALL NO CONDITIONS

2020-05-15   00:23:03   DEBUG   - Rule: 2 CLASS :A

2020-05-15   00:23:03   DEBUG   - ALL 2 SATISFIABLE

2020-05-15   00:23:03   DEBUG   - ALL 12 SATISFIABLE

2020-05-15   00:23:03   DEBUG   - SAT: 12

2020-05-15   00:23:03   DEBUG   - Rule: 0 INTERSECTION: C
 and (R some (R only (S only (S some 
    ((B or D)
     and (not (C)))))))

2020-05-15   00:23:03   DEBUG   - Rule: 1 SOME: R some (R only (S only (S some 
    ((B or D)
     and (not (C))))))

2020-05-15   00:23:03   DEBUG   - SAT: 1

2020-05-15   00:23:03   DEBUG   - Rule: 0 ALL: R only (S only (S some 
    ((B or D)
     and (not (C)))))

2020-05-15   00:23:03   DEBUG   - ALL NO CONDITIONS

2020-05-15   00:23:03   DEBUG   - SOME 1 SATISFIABLE

2020-05-15   00:23:03   DEBUG   - Rule: 2 CLASS :C

2020-05-15   00:23:03   DEBUG   - ALL 12 SATISFIABLE

2020-05-15   00:23:03   DEBUG   - SOME 2 SATISFIABLE

2020-05-15   00:23:03   DEBUG   - Rule: 3 ALL: Z only 
    (((((not (C)) or (not (D)))
     and (not (A))) or (not (A)) or (not (B)) or (not (C)) or (not (D))) or (S some 
        (B or (C or D or (E
         and (S some 
            ((Nothing
             and (A or (not (A))))
             and (Z some 
                (Nothing or Thing))))
         and (R only (S only (Z some 
            (F or (B
             and (B or (not (A)))))))))))))

2020-05-15   00:23:03   DEBUG   - ALL NO CONDITIONS

2020-05-15   00:23:03   DEBUG   - Rule: 4 CLASS :Nothing

2020-05-15   00:23:03   INFO    - ALC(ChronologicalTableau): false

2020-05-15   00:23:03   INFO    - Iterations: 33

