2020-05-14   17:42:29   DEBUG   - SAT: -1

2020-05-14   17:42:29   DEBUG   - Rule: 0 INTERSECTION: ((S only (not (C))) or (S only (not (D))))
 and (S some 
    (C
     and D))

2020-05-14   17:42:29   DEBUG   - Rule: 1 UNION: (S only (not (C))) or (S only (not (D)))

2020-05-14   17:42:29   DEBUG   - CHOICE S only (not (C))

2020-05-14   17:42:29   DEBUG   - Rule: 2 SOME: S some 
    (C
     and D)

2020-05-14   17:42:29   DEBUG   - SAT: 2

2020-05-14   17:42:29   DEBUG   - Rule: 0 INTERSECTION: C
 and D

2020-05-14   17:42:29   DEBUG   - Rule: 1 CLASS :C

2020-05-14   17:42:29   DEBUG   - Rule: 2 CLASS :D

2020-05-14   17:42:29   DEBUG   - SOME 2 SATISFIABLE

2020-05-14   17:42:29   DEBUG   - Rule: 3 ALL: S only (not (C))

2020-05-14   17:42:29   DEBUG   - SAT: 3

2020-05-14   17:42:29   DEBUG   - Rule: 0 INTERSECTION: (C
 and D)
 and (not (C))

2020-05-14   17:42:29   DEBUG   - Rule: 1 INTERSECTION: C
 and D

2020-05-14   17:42:29   DEBUG   - Rule: 2 CLASS :not (C)

2020-05-14   17:42:29   DEBUG   - CLASH not (C) | C

2020-05-14   17:42:29   DEBUG   - ALL UNSATISFIABLE

2020-05-14   17:42:29   DEBUG   - BACKTRACK 1

2020-05-14   17:42:29   DEBUG   - CHOICE S only (not (D))

2020-05-14   17:42:29   DEBUG   - Rule: 2 SOME: S some 
    (C
     and D)

2020-05-14   17:42:29   DEBUG   - SAT: 2

2020-05-14   17:42:29   DEBUG   - Rule: 0 INTERSECTION: C
 and D

2020-05-14   17:42:29   DEBUG   - Rule: 1 CLASS :C

2020-05-14   17:42:29   DEBUG   - Rule: 2 CLASS :D

2020-05-14   17:42:29   DEBUG   - SOME 2 SATISFIABLE

2020-05-14   17:42:29   DEBUG   - Rule: 3 ALL: S only (not (D))

2020-05-14   17:42:29   DEBUG   - SAT: 3

2020-05-14   17:42:29   DEBUG   - Rule: 0 INTERSECTION: (C
 and D)
 and (not (D))

2020-05-14   17:42:29   DEBUG   - Rule: 1 INTERSECTION: C
 and D

2020-05-14   17:42:29   DEBUG   - Rule: 2 CLASS :not (D)

2020-05-14   17:42:29   DEBUG   - CLASH not (D) | D

2020-05-14   17:42:29   DEBUG   - ALL UNSATISFIABLE

2020-05-14   17:42:29   INFO    - ALC(ChronologicalTableau): false

2020-05-14   17:42:29   INFO    - Iterazioni: 15

