2020-05-15   00:23:15   DEBUG   - SAT: -1

2020-05-15   00:23:15   DEBUG   - Rule: 0 INTERSECTION: ((S some (not (D)))
 and (S only (not (C))))
 and (S some 
    (C
     and D))

2020-05-15   00:23:15   DEBUG   - Rule: 1 INTERSECTION: (S some (not (D)))
 and (S only (not (C)))

2020-05-15   00:23:15   DEBUG   - Rule: 2 SOME: S some 
    (C
     and D)

2020-05-15   00:23:15   DEBUG   - SAT: 2

2020-05-15   00:23:15   DEBUG   - Rule: 0 INTERSECTION: C
 and D

2020-05-15   00:23:15   DEBUG   - Rule: 1 CLASS :C

2020-05-15   00:23:15   DEBUG   - Rule: 2 CLASS :D

2020-05-15   00:23:15   DEBUG   - SOME 2 SATISFIABLE

2020-05-15   00:23:15   DEBUG   - Rule: 3 SOME: S some (not (D))

2020-05-15   00:23:15   DEBUG   - SAT: 3

2020-05-15   00:23:15   DEBUG   - Rule: 0 CLASS :not (D)

2020-05-15   00:23:15   DEBUG   - SOME 3 SATISFIABLE

2020-05-15   00:23:15   DEBUG   - Rule: 4 ALL: S only (not (C))

2020-05-15   00:23:15   DEBUG   - SAT: 4

2020-05-15   00:23:15   DEBUG   - Rule: 0 INTERSECTION: (C
 and D)
 and (not (C))

2020-05-15   00:23:15   DEBUG   - Rule: 1 INTERSECTION: C
 and D

2020-05-15   00:23:15   DEBUG   - Rule: 2 CLASS :not (C)

2020-05-15   00:23:15   DEBUG   - CLASH not (C) | C

2020-05-15   00:23:15   DEBUG   - ALL UNSATISFIABLE

2020-05-15   00:23:15   INFO    - ALC(ChronologicalTableau): false

2020-05-15   00:23:15   INFO    - Iterations: 9

