2020-05-15   00:23:06   DEBUG   - SAT: -1

2020-05-15   00:23:06   DEBUG   - Rule: 0 INTERSECTION: A
 and (((B or (S some (R only A)))
 and (D or (S some C))
 and ((not (B)) or (not (D)))
 and ((S only (not (C))) or (S only (R some (R only (S only (S some 
    ((B or D)
     and (not (C)))))))))) or (((Z some 
    (((S some (R some 
        (A or B or C or (not (D))))) or (R only (S only 
        (((C
         and D
         and (not (A)))
         and (A or B)) or (not (A)) or (not (B)))))) or (R only 
        ((A
         and C) or (B
         and C
         and (not (D))) or (not (B)))))) or (S only 
    ((not (A))
     and (not (C)))))
 and (Z some (Z only (S only 
    (A
     and B
     and D
     and (not (C))
     and (R only (S some (R some 
        ((A
         and B
         and D) or (A
         and C
         and D
         and (Nothing or (not (C)))) or (not (A)) or (not (C))))))))))) or (((D or (S some C))
 and (not (B))
 and (S only (R some (not (A))))) or ((not (D))
 and (S only (not (C)))) or (B or (S some (R only A)))))
 and (not (A))
 and (R some B)
 and (R only C)

2020-05-15   00:23:06   DEBUG   - Rule: 1 UNION: ((B or (S some (R only A)))
 and (D or (S some C))
 and ((not (B)) or (not (D)))
 and ((S only (not (C))) or (S only (R some (R only (S only (S some 
    ((B or D)
     and (not (C)))))))))) or (((Z some 
    (((S some (R some 
        (A or B or C or (not (D))))) or (R only (S only 
        (((C
         and D
         and (not (A)))
         and (A or B)) or (not (A)) or (not (B)))))) or (R only 
        ((A
         and C) or (B
         and C
         and (not (D))) or (not (B)))))) or (S only 
    ((not (A))
     and (not (C)))))
 and (Z some (Z only (S only 
    (A
     and B
     and D
     and (not (C))
     and (R only (S some (R some 
        ((A
         and B
         and D) or (A
         and C
         and D
         and (Nothing or (not (C)))) or (not (A)) or (not (C))))))))))) or (((D or (S some C))
 and (not (B))
 and (S only (R some (not (A))))) or ((not (D))
 and (S only (not (C)))) or (B or (S some (R only A))))

2020-05-15   00:23:06   DEBUG   - CHOICE (B or (S some (R only A)))
 and (D or (S some C))
 and ((not (B)) or (not (D)))
 and ((S only (not (C))) or (S only (R some (R only (S only (S some 
    ((B or D)
     and (not (C)))))))))

2020-05-15   00:23:06   DEBUG   - CLASH A | not (A)

2020-05-15   00:23:06   DEBUG   - CHOICE ((Z some 
    (((S some (R some 
        (A or B or C or (not (D))))) or (R only (S only 
        (((C
         and D
         and (not (A)))
         and (A or B)) or (not (A)) or (not (B)))))) or (R only 
        ((A
         and C) or (B
         and C
         and (not (D))) or (not (B)))))) or (S only 
    ((not (A))
     and (not (C)))))
 and (Z some (Z only (S only 
    (A
     and B
     and D
     and (not (C))
     and (R only (S some (R some 
        ((A
         and B
         and D) or (A
         and C
         and D
         and (Nothing or (not (C)))) or (not (A)) or (not (C))))))))))

2020-05-15   00:23:06   DEBUG   - CLASH A | not (A)

2020-05-15   00:23:06   DEBUG   - CHOICE ((D or (S some C))
 and (not (B))
 and (S only (R some (not (A))))) or ((not (D))
 and (S only (not (C)))) or (B or (S some (R only A)))

2020-05-15   00:23:06   DEBUG   - CLASH A | not (A)

2020-05-15   00:23:06   INFO    - ALC(ChronologicalTableau): false

2020-05-15   00:23:06   INFO    - Iterations: 4

