2020-05-14   17:42:37   DEBUG   - SAT: -1

2020-05-14   17:42:37   DEBUG   - Rule: 0 INTERSECTION: (R some A)
 and (R only 
    (A or B))

2020-05-14   17:42:37   DEBUG   - Rule: 1 SOME: R some A

2020-05-14   17:42:37   DEBUG   - SAT: 1

2020-05-14   17:42:37   DEBUG   - Rule: 0 CLASS :A

2020-05-14   17:42:37   DEBUG   - SOME 1 SATISFIABLE

2020-05-14   17:42:37   DEBUG   - Rule: 2 ALL: R only 
    (A or B)

2020-05-14   17:42:37   DEBUG   - SAT: 2

2020-05-14   17:42:37   DEBUG   - Rule: 0 INTERSECTION: A
 and (A or B)

2020-05-14   17:42:37   DEBUG   - Rule: 1 UNION: A or B

2020-05-14   17:42:37   DEBUG   - CHOICE B

2020-05-14   17:42:37   DEBUG   - Rule: 2 CLASS :A

2020-05-14   17:42:37   DEBUG   - Rule: 3 CLASS :B

2020-05-14   17:42:37   DEBUG   - ALL 2 SATISFIABLE

2020-05-14   17:42:37   INFO    - ALC(ChronologicalTableau): true

2020-05-14   17:42:37   INFO    - Iterazioni: 7

2020-05-14   17:42:37   INFO    - Model: | R some A | R only 
    (A or B) | 

