2020-05-14   17:42:40   DEBUG   - SAT: -1

2020-05-14   17:42:40   DEBUG   - Rule: 0 INTERSECTION: ((S some (not (D))) or (S only (not (C))))
 and (S some 
    (C
     and D))

2020-05-14   17:42:40   DEBUG   - Rule: 1 UNION: (S some (not (D))) or (S only (not (C)))

2020-05-14   17:42:40   DEBUG   - CHOICE S some (not (D))

2020-05-14   17:42:40   DEBUG   - Rule: 2 SOME: S some 
    (C
     and D)

2020-05-14   17:42:40   DEBUG   - SAT: 2

2020-05-14   17:42:40   DEBUG   - Rule: 0 INTERSECTION: C
 and D

2020-05-14   17:42:40   DEBUG   - Rule: 1 CLASS :C

2020-05-14   17:42:40   DEBUG   - Rule: 2 CLASS :D

2020-05-14   17:42:40   DEBUG   - SOME 2 SATISFIABLE

2020-05-14   17:42:40   DEBUG   - Rule: 3 SOME: S some (not (D))

2020-05-14   17:42:40   DEBUG   - SAT: 3

2020-05-14   17:42:40   DEBUG   - Rule: 0 CLASS :not (D)

2020-05-14   17:42:40   DEBUG   - SOME 3 SATISFIABLE

2020-05-14   17:42:40   INFO    - ALC(ChronologicalTableau): true

2020-05-14   17:42:40   INFO    - Iterazioni: 6

2020-05-14   17:42:40   INFO    - Model: | S some 
    (C
     and D) | S some (not (D)) | 

