2020-05-14   17:42:32   DEBUG   - SAT: -1

2020-05-14   17:42:32   DEBUG   - Rule: 0 INTERSECTION: (R some (not (A)))
 and (R only 
    (A or B))

2020-05-14   17:42:32   DEBUG   - Rule: 1 SOME: R some (not (A))

2020-05-14   17:42:32   DEBUG   - SAT: 1

2020-05-14   17:42:32   DEBUG   - Rule: 0 CLASS :not (A)

2020-05-14   17:42:32   DEBUG   - SOME 1 SATISFIABLE

2020-05-14   17:42:32   DEBUG   - Rule: 2 ALL: R only 
    (A or B)

2020-05-14   17:42:32   DEBUG   - SAT: 2

2020-05-14   17:42:32   DEBUG   - Rule: 0 INTERSECTION: (A or B)
 and (not (A))

2020-05-14   17:42:32   DEBUG   - Rule: 1 UNION: A or B

2020-05-14   17:42:32   DEBUG   - CHOICE A

2020-05-14   17:42:32   DEBUG   - CLASH not (A) | A

2020-05-14   17:42:32   DEBUG   - CHOICE B

2020-05-14   17:42:32   DEBUG   - Rule: 2 CLASS :not (A)

2020-05-14   17:42:32   DEBUG   - Rule: 3 CLASS :B

2020-05-14   17:42:32   DEBUG   - ALL 2 SATISFIABLE

2020-05-14   17:42:32   INFO    - ALC(ChronologicalTableau): true

2020-05-14   17:42:32   INFO    - Iterazioni: 7

2020-05-14   17:42:32   INFO    - Model: | R some (not (A)) | R only 
    (A or B) | 

