2020-05-14   17:42:39   DEBUG   - SAT: -1

2020-05-14   17:42:39   DEBUG   - Rule: 0 INTERSECTION: (B or (R some A))
 and (C or D)
 and (E or F)
 and (G or (not (A)))
 and ((A
 and (not (G))) or (C
 and (R some A)) or (D
 and (not (C))) or (E
 and G) or ((not (B))
 and (R only (not (A)))) or ((not (E))
 and (not (F))))
 and ((not (C)) or (R only (not (A))))
 and ((not (E)) or (not (G)))

2020-05-14   17:42:39   DEBUG   - Rule: 1 UNION: B or (R some A)

2020-05-14   17:42:39   DEBUG   - CHOICE R some A

2020-05-14   17:42:39   DEBUG   - Rule: 2 UNION: C or D

2020-05-14   17:42:39   DEBUG   - CHOICE C

2020-05-14   17:42:39   DEBUG   - Rule: 3 UNION: E or F

2020-05-14   17:42:39   DEBUG   - CHOICE E

2020-05-14   17:42:39   DEBUG   - Rule: 4 UNION: G or (not (A))

2020-05-14   17:42:39   DEBUG   - CHOICE G

2020-05-14   17:42:39   DEBUG   - Rule: 5 UNION: (A
 and (not (G))) or (C
 and (R some A)) or (D
 and (not (C))) or (E
 and G) or ((not (B))
 and (R only (not (A)))) or ((not (E))
 and (not (F)))

2020-05-14   17:42:39   DEBUG   - CHOICE A
 and (not (G))

2020-05-14   17:42:39   DEBUG   - CLASH G or (not (A)) | A
 and (not (G))

2020-05-14   17:42:39   DEBUG   - CHOICE C
 and (R some A)

2020-05-14   17:42:39   DEBUG   - CLASH (not (C)) or (R only (not (A))) | C
 and (R some A)

2020-05-14   17:42:39   DEBUG   - CHOICE D
 and (not (C))

2020-05-14   17:42:39   DEBUG   - Rule: 6 UNION: (not (C)) or (R only (not (A)))

2020-05-14   17:42:39   DEBUG   - CHOICE R only (not (A))

2020-05-14   17:42:39   DEBUG   - CLASH R some A | R only (not (A))

2020-05-14   17:42:39   DEBUG   - CHOICE not (C)

2020-05-14   17:42:39   DEBUG   - CLASH C | not (C)

2020-05-14   17:42:39   DEBUG   - BACKTRACK: 2

2020-05-14   17:42:39   DEBUG   - CHOICE D

2020-05-14   17:42:39   DEBUG   - Rule: 3 UNION: E or F

2020-05-14   17:42:39   DEBUG   - CHOICE E

2020-05-14   17:42:39   DEBUG   - Rule: 4 UNION: G or (not (A))

2020-05-14   17:42:39   DEBUG   - CHOICE G

2020-05-14   17:42:39   DEBUG   - Rule: 5 UNION: (A
 and (not (G))) or (C
 and (R some A)) or (D
 and (not (C))) or (E
 and G) or ((not (B))
 and (R only (not (A)))) or ((not (E))
 and (not (F)))

2020-05-14   17:42:39   DEBUG   - CHOICE A
 and (not (G))

2020-05-14   17:42:39   DEBUG   - CLASH G or (not (A)) | A
 and (not (G))

2020-05-14   17:42:39   DEBUG   - CHOICE C
 and (R some A)

2020-05-14   17:42:39   DEBUG   - CLASH (not (C)) or (R only (not (A))) | C
 and (R some A)

2020-05-14   17:42:39   DEBUG   - CHOICE D
 and (not (C))

2020-05-14   17:42:39   DEBUG   - Rule: 6 UNION: (not (C)) or (R only (not (A)))

2020-05-14   17:42:39   DEBUG   - CHOICE R only (not (A))

2020-05-14   17:42:39   DEBUG   - CLASH R some A | R only (not (A))

2020-05-14   17:42:39   DEBUG   - CHOICE not (C)

2020-05-14   17:42:39   DEBUG   - Rule: 7 UNION: (not (E)) or (not (G))

2020-05-14   17:42:39   DEBUG   - CHOICE not (E)

2020-05-14   17:42:39   DEBUG   - CLASH E | not (E)

2020-05-14   17:42:39   DEBUG   - CHOICE not (G)

2020-05-14   17:42:39   DEBUG   - CLASH G | not (G)

2020-05-14   17:42:39   DEBUG   - BACKTRACK: 4

2020-05-14   17:42:39   DEBUG   - CHOICE not (A)

2020-05-14   17:42:39   DEBUG   - Rule: 5 UNION: (A
 and (not (G))) or (C
 and (R some A)) or (D
 and (not (C))) or (E
 and G) or ((not (B))
 and (R only (not (A)))) or ((not (E))
 and (not (F)))

2020-05-14   17:42:39   DEBUG   - CHOICE A
 and (not (G))

2020-05-14   17:42:39   DEBUG   - CLASH G or (not (A)) | A
 and (not (G))

2020-05-14   17:42:39   DEBUG   - CHOICE C
 and (R some A)

2020-05-14   17:42:39   DEBUG   - CLASH (not (C)) or (R only (not (A))) | C
 and (R some A)

2020-05-14   17:42:39   DEBUG   - CHOICE D
 and (not (C))

2020-05-14   17:42:39   DEBUG   - Rule: 6 UNION: (not (C)) or (R only (not (A)))

2020-05-14   17:42:39   DEBUG   - CHOICE R only (not (A))

2020-05-14   17:42:39   DEBUG   - CLASH R some A | R only (not (A))

2020-05-14   17:42:39   DEBUG   - CHOICE not (C)

2020-05-14   17:42:39   DEBUG   - Rule: 7 UNION: (not (E)) or (not (G))

2020-05-14   17:42:39   DEBUG   - CHOICE not (E)

2020-05-14   17:42:39   DEBUG   - CLASH E | not (E)

2020-05-14   17:42:39   DEBUG   - CHOICE not (G)

2020-05-14   17:42:39   DEBUG   - Rule: 8 SOME: R some A

2020-05-14   17:42:39   DEBUG   - SAT: 8

2020-05-14   17:42:39   DEBUG   - SOME 8 SATISFIABLE

2020-05-14   17:42:39   DEBUG   - Rule: 12 INTERSECTION: D
 and (not (C))

2020-05-14   17:42:39   INFO    - ALC(JumpingTableau): true

2020-05-14   17:42:39   INFO    - Iterazioni: 35

2020-05-14   17:42:39   INFO    - Model: | R some A | D | E | not (A) | not (C) | not (G) | 

