2020-05-15   00:23:14   DEBUG   - SAT: -1

2020-05-15   00:23:14   DEBUG   - Rule: 0 SOME: R some 
    ((A
     and (((B or (S some (R only A)))
     and (D or (S some C))
     and ((not (B)) or (not (D)))
     and ((S only (not (C))) or (S only (R some (R only (S only (S some 
        ((B or D)
         and (not (C)))))))))) or (((D or (S some C))
     and (not (B))
     and (S only (R some (not (A))))) or ((not (D))
     and (S only (not (C)))) or (B or (S some (R only A)))) or (((Z some (Z only (S only 
        (A
         and B
         and D
         and (not (C))
         and (R only (S some (R some 
            ((A
             and B
             and D) or (A
             and C
             and D
             and (Nothing or (not (C)))) or (not (A)) or (not (C))))))))))
     and (S only 
        ((not (A))
         and (not (C))))) or (Z some 
        (((S some (R some 
            (A or B or C or (not (D))))) or (R only (S only 
            (((C
             and D
             and (not (A)))
             and (A or B)) or (not (A)) or (not (B)))))) or (R only 
            ((A
             and C) or (B
             and C
             and (not (D))) or (not (B))))))))
     and (R some B)
     and (R only C)) or (D
     and ((S some (not (A))) or (S some (R only A)))
     and ((S only (not (C))) or (S only (R some (not (A)))))) or ((R only A) or (R only 
        (A or B))))

2020-05-15   00:23:14   DEBUG   - SAT: 0

2020-05-15   00:23:14   DEBUG   - Rule: 0 UNION: (A
 and (((B or (S some (R only A)))
 and (D or (S some C))
 and ((not (B)) or (not (D)))
 and ((S only (not (C))) or (S only (R some (R only (S only (S some 
    ((B or D)
     and (not (C)))))))))) or (((D or (S some C))
 and (not (B))
 and (S only (R some (not (A))))) or ((not (D))
 and (S only (not (C)))) or (B or (S some (R only A)))) or (((Z some (Z only (S only 
    (A
     and B
     and D
     and (not (C))
     and (R only (S some (R some 
        ((A
         and B
         and D) or (A
         and C
         and D
         and (Nothing or (not (C)))) or (not (A)) or (not (C))))))))))
 and (S only 
    ((not (A))
     and (not (C))))) or (Z some 
    (((S some (R some 
        (A or B or C or (not (D))))) or (R only (S only 
        (((C
         and D
         and (not (A)))
         and (A or B)) or (not (A)) or (not (B)))))) or (R only 
        ((A
         and C) or (B
         and C
         and (not (D))) or (not (B))))))))
 and (R some B)
 and (R only C)) or (D
 and ((S some (not (A))) or (S some (R only A)))
 and ((S only (not (C))) or (S only (R some (not (A)))))) or ((R only A) or (R only 
    (A or B)))

2020-05-15   00:23:14   DEBUG   - CHOICE A
 and (((B or (S some (R only A)))
 and (D or (S some C))
 and ((not (B)) or (not (D)))
 and ((S only (not (C))) or (S only (R some (R only (S only (S some 
    ((B or D)
     and (not (C)))))))))) or (((D or (S some C))
 and (not (B))
 and (S only (R some (not (A))))) or ((not (D))
 and (S only (not (C)))) or (B or (S some (R only A)))) or (((Z some (Z only (S only 
    (A
     and B
     and D
     and (not (C))
     and (R only (S some (R some 
        ((A
         and B
         and D) or (A
         and C
         and D
         and (Nothing or (not (C)))) or (not (A)) or (not (C))))))))))
 and (S only 
    ((not (A))
     and (not (C))))) or (Z some 
    (((S some (R some 
        (A or B or C or (not (D))))) or (R only (S only 
        (((C
         and D
         and (not (A)))
         and (A or B)) or (not (A)) or (not (B)))))) or (R only 
        ((A
         and C) or (B
         and C
         and (not (D))) or (not (B))))))))
 and (R some B)
 and (R only C)

2020-05-15   00:23:14   DEBUG   - Rule: 1 INTERSECTION: A
 and (((B or (S some (R only A)))
 and (D or (S some C))
 and ((not (B)) or (not (D)))
 and ((S only (not (C))) or (S only (R some (R only (S only (S some 
    ((B or D)
     and (not (C)))))))))) or (((D or (S some C))
 and (not (B))
 and (S only (R some (not (A))))) or ((not (D))
 and (S only (not (C)))) or (B or (S some (R only A)))) or (((Z some (Z only (S only 
    (A
     and B
     and D
     and (not (C))
     and (R only (S some (R some 
        ((A
         and B
         and D) or (A
         and C
         and D
         and (Nothing or (not (C)))) or (not (A)) or (not (C))))))))))
 and (S only 
    ((not (A))
     and (not (C))))) or (Z some 
    (((S some (R some 
        (A or B or C or (not (D))))) or (R only (S only 
        (((C
         and D
         and (not (A)))
         and (A or B)) or (not (A)) or (not (B)))))) or (R only 
        ((A
         and C) or (B
         and C
         and (not (D))) or (not (B))))))))
 and (R some B)
 and (R only C)

2020-05-15   00:23:14   DEBUG   - Rule: 2 UNION: ((B or (S some (R only A)))
 and (D or (S some C))
 and ((not (B)) or (not (D)))
 and ((S only (not (C))) or (S only (R some (R only (S only (S some 
    ((B or D)
     and (not (C)))))))))) or (((D or (S some C))
 and (not (B))
 and (S only (R some (not (A))))) or ((not (D))
 and (S only (not (C)))) or (B or (S some (R only A)))) or (((Z some (Z only (S only 
    (A
     and B
     and D
     and (not (C))
     and (R only (S some (R some 
        ((A
         and B
         and D) or (A
         and C
         and D
         and (Nothing or (not (C)))) or (not (A)) or (not (C))))))))))
 and (S only 
    ((not (A))
     and (not (C))))) or (Z some 
    (((S some (R some 
        (A or B or C or (not (D))))) or (R only (S only 
        (((C
         and D
         and (not (A)))
         and (A or B)) or (not (A)) or (not (B)))))) or (R only 
        ((A
         and C) or (B
         and C
         and (not (D))) or (not (B)))))))

2020-05-15   00:23:14   DEBUG   - CHOICE (B or (S some (R only A)))
 and (D or (S some C))
 and ((not (B)) or (not (D)))
 and ((S only (not (C))) or (S only (R some (R only (S only (S some 
    ((B or D)
     and (not (C)))))))))

2020-05-15   00:23:14   DEBUG   - Rule: 3 SOME: R some B

2020-05-15   00:23:15   DEBUG   - SAT: 3

2020-05-15   00:23:15   DEBUG   - SOME 3 SATISFIABLE

2020-05-15   00:23:15   DEBUG   - Rule: 4 ALL: R only C

2020-05-15   00:23:15   DEBUG   - SAT: 4

2020-05-15   00:23:15   DEBUG   - Rule: 0 INTERSECTION: B
 and C

2020-05-15   00:23:15   DEBUG   - ALL 4 SATISFIABLE

2020-05-15   00:23:15   DEBUG   - Rule: 6 INTERSECTION: (B or (S some (R only A)))
 and (D or (S some C))
 and ((not (B)) or (not (D)))
 and ((S only (not (C))) or (S only (R some (R only (S only (S some 
    ((B or D)
     and (not (C)))))))))

2020-05-15   00:23:15   DEBUG   - Rule: 7 UNION: B or (S some (R only A))

2020-05-15   00:23:15   DEBUG   - CHOICE S some (R only A)

2020-05-15   00:23:15   DEBUG   - Rule: 8 UNION: D or (S some C)

2020-05-15   00:23:15   DEBUG   - CHOICE S some C

2020-05-15   00:23:15   DEBUG   - Rule: 9 UNION: (not (B)) or (not (D))

2020-05-15   00:23:15   DEBUG   - CHOICE not (B)

2020-05-15   00:23:15   DEBUG   - Rule: 10 UNION: (S only (not (C))) or (S only (R some (R only (S only (S some 
    ((B or D)
     and (not (C))))))))

2020-05-15   00:23:15   DEBUG   - CHOICE S only (not (C))

2020-05-15   00:23:15   DEBUG   - CLASH S some C | S only (not (C))

2020-05-15   00:23:15   DEBUG   - CHOICE S only (R some (R only (S only (S some 
    ((B or D)
     and (not (C)))))))

2020-05-15   00:23:15   DEBUG   - Rule: 11 SOME: S some (R only A)

2020-05-15   00:23:15   DEBUG   - SAT: 11

2020-05-15   00:23:15   DEBUG   - Rule: 0 ALL: R only A

2020-05-15   00:23:15   DEBUG   - ALL NO CONDITIONS

2020-05-15   00:23:15   DEBUG   - SOME 11 SATISFIABLE

2020-05-15   00:23:15   DEBUG   - Rule: 12 SOME: S some C

2020-05-15   00:23:15   DEBUG   - SAT: 12

2020-05-15   00:23:15   DEBUG   - SOME 12 SATISFIABLE

2020-05-15   00:23:15   DEBUG   - Rule: 14 ALL: S only (R some (R only (S only (S some 
    ((B or D)
     and (not (C)))))))

2020-05-15   00:23:15   DEBUG   - SAT: 14

2020-05-15   00:23:15   DEBUG   - Rule: 0 INTERSECTION: (R some (R only (S only (S some 
    ((B or D)
     and (not (C)))))))
 and (R only A)

2020-05-15   00:23:15   DEBUG   - Rule: 1 SOME: R some (R only (S only (S some 
    ((B or D)
     and (not (C))))))

2020-05-15   00:23:15   DEBUG   - SAT: 1

2020-05-15   00:23:15   DEBUG   - Rule: 0 ALL: R only (S only (S some 
    ((B or D)
     and (not (C)))))

2020-05-15   00:23:15   DEBUG   - ALL NO CONDITIONS

2020-05-15   00:23:15   DEBUG   - SOME 1 SATISFIABLE

2020-05-15   00:23:15   DEBUG   - Rule: 2 ALL: R only A

2020-05-15   00:23:15   DEBUG   - SAT: 2

2020-05-15   00:23:15   DEBUG   - Rule: 0 INTERSECTION: A
 and (R only (S only (S some 
    ((B or D)
     and (not (C))))))

2020-05-15   00:23:15   DEBUG   - Rule: 1 ALL: R only (S only (S some 
    ((B or D)
     and (not (C)))))

2020-05-15   00:23:15   DEBUG   - ALL NO CONDITIONS

2020-05-15   00:23:15   DEBUG   - ALL 2 SATISFIABLE

2020-05-15   00:23:15   DEBUG   - ALL 14 SATISFIABLE

2020-05-15   00:23:15   DEBUG   - SAT: 14

2020-05-15   00:23:15   DEBUG   - Rule: 0 INTERSECTION: C
 and (R some (R only (S only (S some 
    ((B or D)
     and (not (C)))))))

2020-05-15   00:23:15   DEBUG   - Rule: 1 SOME: R some (R only (S only (S some 
    ((B or D)
     and (not (C))))))

2020-05-15   00:23:15   DEBUG   - SAT: 1

2020-05-15   00:23:15   DEBUG   - Rule: 0 ALL: R only (S only (S some 
    ((B or D)
     and (not (C)))))

2020-05-15   00:23:15   DEBUG   - ALL NO CONDITIONS

2020-05-15   00:23:15   DEBUG   - SOME 1 SATISFIABLE

2020-05-15   00:23:15   DEBUG   - ALL 14 SATISFIABLE

2020-05-15   00:23:15   DEBUG   - SOME 0 SATISFIABLE

2020-05-15   00:23:15   INFO    - ALC(JumpingTableau): true

2020-05-15   00:23:15   INFO    - Iterations: 25

2020-05-15   00:23:15   INFO    - Model: | R some 
    ((A
     and (((B or (S some (R only A)))
     and (D or (S some C))
     and ((not (B)) or (not (D)))
     and ((S only (not (C))) or (S only (R some (R only (S only (S some 
        ((B or D)
         and (not (C)))))))))) or (((D or (S some C))
     and (not (B))
     and (S only (R some (not (A))))) or ((not (D))
     and (S only (not (C)))) or (B or (S some (R only A)))) or (((Z some (Z only (S only 
        (A
         and B
         and D
         and (not (C))
         and (R only (S some (R some 
            ((A
             and B
             and D) or (A
             and C
             and D
             and (Nothing or (not (C)))) or (not (A)) or (not (C))))))))))
     and (S only 
        ((not (A))
         and (not (C))))) or (Z some 
        (((S some (R some 
            (A or B or C or (not (D))))) or (R only (S only 
            (((C
             and D
             and (not (A)))
             and (A or B)) or (not (A)) or (not (B)))))) or (R only 
            ((A
             and C) or (B
             and C
             and (not (D))) or (not (B))))))))
     and (R some B)
     and (R only C)) or (D
     and ((S some (not (A))) or (S some (R only A)))
     and ((S only (not (C))) or (S only (R some (not (A)))))) or ((R only A) or (R only 
        (A or B)))) | 

