2020-05-14   17:42:40   DEBUG   - SAT: -1

2020-05-14   17:42:40   DEBUG   - Rule: 0 INTERSECTION: A
 and ((Z some 
    (((S some (R some 
        (A or B or C or (not (D))))) or (R only (S only 
        (((C
         and D
         and (not (A)))
         and (A or B)) or (not (A)) or (not (B)))))) or (R only 
        ((A
         and C) or (B
         and C
         and (not (D))) or (not (B)))))) or (S only 
    ((not (A))
     and (not (C)))))
 and (Z some (Z only (S only 
    (A
     and B
     and D
     and (not (C))
     and (R only (S some (R some 
        ((A
         and B
         and D) or (A
         and C
         and D
         and (Nothing or (not (C)))) or (not (A)) or (not (C))))))))))

2020-05-14   17:42:40   DEBUG   - Rule: 1 UNION: (Z some 
    (((S some (R some 
        (A or B or C or (not (D))))) or (R only (S only 
        (((C
         and D
         and (not (A)))
         and (A or B)) or (not (A)) or (not (B)))))) or (R only 
        ((A
         and C) or (B
         and C
         and (not (D))) or (not (B)))))) or (S only 
    ((not (A))
     and (not (C))))

2020-05-14   17:42:40   DEBUG   - CHOICE Z some 
    (((S some (R some 
        (A or B or C or (not (D))))) or (R only (S only 
        (((C
         and D
         and (not (A)))
         and (A or B)) or (not (A)) or (not (B)))))) or (R only 
        ((A
         and C) or (B
         and C
         and (not (D))) or (not (B)))))

2020-05-14   17:42:40   DEBUG   - Rule: 2 SOME: Z some (Z only (S only 
    (A
     and B
     and D
     and (not (C))
     and (R only (S some (R some 
        ((A
         and B
         and D) or (A
         and C
         and D
         and (Nothing or (not (C)))) or (not (A)) or (not (C)))))))))

2020-05-14   17:42:40   DEBUG   - SAT: 2

2020-05-14   17:42:40   DEBUG   - Rule: 0 ALL: Z only (S only 
    (A
     and B
     and D
     and (not (C))
     and (R only (S some (R some 
        ((A
         and B
         and D) or (A
         and C
         and D
         and (Nothing or (not (C)))) or (not (A)) or (not (C))))))))

2020-05-14   17:42:40   DEBUG   - ALL NO CONDITIONS

2020-05-14   17:42:40   DEBUG   - SOME 2 SATISFIABLE

2020-05-14   17:42:40   DEBUG   - Rule: 4 SOME: Z some 
    (((S some (R some 
        (A or B or C or (not (D))))) or (R only (S only 
        (((C
         and D
         and (not (A)))
         and (A or B)) or (not (A)) or (not (B)))))) or (R only 
        ((A
         and C) or (B
         and C
         and (not (D))) or (not (B)))))

2020-05-14   17:42:40   DEBUG   - SAT: 4

2020-05-14   17:42:40   DEBUG   - Rule: 0 UNION: ((S some (R some 
    (A or B or C or (not (D))))) or (R only (S only 
    (((C
     and D
     and (not (A)))
     and (A or B)) or (not (A)) or (not (B)))))) or (R only 
    ((A
     and C) or (B
     and C
     and (not (D))) or (not (B))))

2020-05-14   17:42:40   DEBUG   - CHOICE (S some (R some 
    (A or B or C or (not (D))))) or (R only (S only 
    (((C
     and D
     and (not (A)))
     and (A or B)) or (not (A)) or (not (B)))))

2020-05-14   17:42:40   DEBUG   - Rule: 1 UNION: (S some (R some 
    (A or B or C or (not (D))))) or (R only (S only 
    (((C
     and D
     and (not (A)))
     and (A or B)) or (not (A)) or (not (B)))))

2020-05-14   17:42:40   DEBUG   - CHOICE S some (R some 
    (A or B or C or (not (D))))

2020-05-14   17:42:40   DEBUG   - Rule: 2 SOME: S some (R some 
    (A or B or C or (not (D))))

2020-05-14   17:42:40   DEBUG   - SAT: 2

2020-05-14   17:42:40   DEBUG   - Rule: 0 SOME: R some 
    (A or B or C or (not (D)))

2020-05-14   17:42:40   DEBUG   - SAT: 0

2020-05-14   17:42:40   DEBUG   - Rule: 0 UNION: A or B or C or (not (D))

2020-05-14   17:42:40   DEBUG   - CHOICE A

2020-05-14   17:42:40   DEBUG   - SOME 0 SATISFIABLE

2020-05-14   17:42:40   DEBUG   - SOME 2 SATISFIABLE

2020-05-14   17:42:40   DEBUG   - SOME 4 SATISFIABLE

2020-05-14   17:42:40   INFO    - ALC(JumpingTableau): true

2020-05-14   17:42:40   INFO    - Iterazioni: 8

2020-05-14   17:42:40   INFO    - Model: | Z some (Z only (S only 
    (A
     and B
     and D
     and (not (C))
     and (R only (S some (R some 
        ((A
         and B
         and D) or (A
         and C
         and D
         and (Nothing or (not (C)))) or (not (A)) or (not (C))))))))) | A | Z some 
    (((S some (R some 
        (A or B or C or (not (D))))) or (R only (S only 
        (((C
         and D
         and (not (A)))
         and (A or B)) or (not (A)) or (not (B)))))) or (R only 
        ((A
         and C) or (B
         and C
         and (not (D))) or (not (B))))) | 

